The system is: Linux - 3.10.0-957.1.3.el7.x86_64 - x86_64
Compiling the C compiler identification source file "CMakeCCompilerId.c" succeeded.
Compiler: /opt/ohpc/pub/mpi/openmpi-gnu7/1.10.7/bin/mpicc 
Build flags: 
Id flags:  

The output was:
0


Compilation of the C compiler identification source "CMakeCCompilerId.c" produced "a.out"

The C compiler identification is GNU, found in "/home/samuel/ThermalNoise/DirectMeasurement_ThermalNoise/QuasistaticBrownianThermalNoise/build/CMakeFiles/3.9.6/CompilerIdC/a.out"

Compiling the CXX compiler identification source file "CMakeCXXCompilerId.cpp" succeeded.
Compiler: /opt/ohpc/pub/mpi/openmpi-gnu7/1.10.7/bin/mpic++ 
Build flags: 
Id flags:  

The output was:
0


Compilation of the CXX compiler identification source "CMakeCXXCompilerId.cpp" produced "a.out"

The CXX compiler identification is GNU, found in "/home/samuel/ThermalNoise/DirectMeasurement_ThermalNoise/QuasistaticBrownianThermalNoise/build/CMakeFiles/3.9.6/CompilerIdCXX/a.out"

Determining if the C compiler works passed with the following output:
Change Dir: /home/samuel/ThermalNoise/DirectMeasurement_ThermalNoise/QuasistaticBrownianThermalNoise/build/CMakeFiles/CMakeTmp

Run Build Command:"/usr/bin/gmake" "cmTC_d3fc9/fast"
/usr/bin/gmake -f CMakeFiles/cmTC_d3fc9.dir/build.make CMakeFiles/cmTC_d3fc9.dir/build
gmake[1]: Entering directory `/home/samuel/ThermalNoise/DirectMeasurement_ThermalNoise/QuasistaticBrownianThermalNoise/build/CMakeFiles/CMakeTmp'
Building C object CMakeFiles/cmTC_d3fc9.dir/testCCompiler.c.o
/opt/ohpc/pub/mpi/openmpi-gnu7/1.10.7/bin/mpicc    -o CMakeFiles/cmTC_d3fc9.dir/testCCompiler.c.o   -c /home/samuel/ThermalNoise/DirectMeasurement_ThermalNoise/QuasistaticBrownianThermalNoise/build/CMakeFiles/CMakeTmp/testCCompiler.c
Linking C executable cmTC_d3fc9
/home/geoffrey/apps/spack/opt/spack/linux-centos7-x86_64/gcc-7.3.0/cmake-3.9.6-bklomam7axok5iwnxzc3srsh22bgitys/bin/cmake -E cmake_link_script CMakeFiles/cmTC_d3fc9.dir/link.txt --verbose=1
/opt/ohpc/pub/mpi/openmpi-gnu7/1.10.7/bin/mpicc      -rdynamic CMakeFiles/cmTC_d3fc9.dir/testCCompiler.c.o  -o cmTC_d3fc9 
gmake[1]: Leaving directory `/home/samuel/ThermalNoise/DirectMeasurement_ThermalNoise/QuasistaticBrownianThermalNoise/build/CMakeFiles/CMakeTmp'


Detecting C compiler ABI info compiled with the following output:
Change Dir: /home/samuel/ThermalNoise/DirectMeasurement_ThermalNoise/QuasistaticBrownianThermalNoise/build/CMakeFiles/CMakeTmp

Run Build Command:"/usr/bin/gmake" "cmTC_9b49a/fast"
/usr/bin/gmake -f CMakeFiles/cmTC_9b49a.dir/build.make CMakeFiles/cmTC_9b49a.dir/build
gmake[1]: Entering directory `/home/samuel/ThermalNoise/DirectMeasurement_ThermalNoise/QuasistaticBrownianThermalNoise/build/CMakeFiles/CMakeTmp'
Building C object CMakeFiles/cmTC_9b49a.dir/CMakeCCompilerABI.c.o
/opt/ohpc/pub/mpi/openmpi-gnu7/1.10.7/bin/mpicc    -o CMakeFiles/cmTC_9b49a.dir/CMakeCCompilerABI.c.o   -c /home/geoffrey/apps/spack/opt/spack/linux-centos7-x86_64/gcc-7.3.0/cmake-3.9.6-bklomam7axok5iwnxzc3srsh22bgitys/share/cmake-3.9/Modules/CMakeCCompilerABI.c
Linking C executable cmTC_9b49a
/home/geoffrey/apps/spack/opt/spack/linux-centos7-x86_64/gcc-7.3.0/cmake-3.9.6-bklomam7axok5iwnxzc3srsh22bgitys/bin/cmake -E cmake_link_script CMakeFiles/cmTC_9b49a.dir/link.txt --verbose=1
/opt/ohpc/pub/mpi/openmpi-gnu7/1.10.7/bin/mpicc     -v -rdynamic CMakeFiles/cmTC_9b49a.dir/CMakeCCompilerABI.c.o  -o cmTC_9b49a 
Using built-in specs.
COLLECT_GCC=/opt/ohpc/pub/compiler/gcc/7.3.0/bin/gcc
COLLECT_LTO_WRAPPER=/opt/ohpc/pub/compiler/gcc/7.3.0/libexec/gcc/x86_64-pc-linux-gnu/7.3.0/lto-wrapper
Target: x86_64-pc-linux-gnu
Configured with: ../configure --disable-multilib --enable-languages=c,c++,fortran --prefix=/opt/ohpc/pub/compiler/gcc/7.3.0 --disable-static --enable-shared
Thread model: posix
gcc version 7.3.0 (GCC) 
COMPILER_PATH=/opt/ohpc/pub/compiler/gcc/7.3.0/libexec/gcc/x86_64-pc-linux-gnu/7.3.0/:/opt/ohpc/pub/compiler/gcc/7.3.0/libexec/gcc/x86_64-pc-linux-gnu/7.3.0/:/opt/ohpc/pub/compiler/gcc/7.3.0/libexec/gcc/x86_64-pc-linux-gnu/:/opt/ohpc/pub/compiler/gcc/7.3.0/lib/gcc/x86_64-pc-linux-gnu/7.3.0/:/opt/ohpc/pub/compiler/gcc/7.3.0/lib/gcc/x86_64-pc-linux-gnu/
LIBRARY_PATH=/opt/ohpc/pub/compiler/gcc/7.3.0/lib/gcc/x86_64-pc-linux-gnu/7.3.0/:/opt/ohpc/pub/compiler/gcc/7.3.0/lib/gcc/x86_64-pc-linux-gnu/7.3.0/../../../../lib64/:/lib/../lib64/:/usr/lib/../lib64/:/home/geoffrey/apps/spack/opt/spack/linux-centos7-x86_64/gcc-7.3.0/dealii-8.5.1-ikzowor5nwozqtzjzlbm2wyb7t7775mu/lib/:/home/geoffrey/apps/spack/opt/spack/linux-centos7-x86_64/gcc-7.3.0/petsc-3.11.1-45rkapyoq3wjoay7522earvzionkdqdj/lib/:/home/geoffrey/apps/spack/opt/spack/linux-centos7-x86_64/gcc-7.3.0/perl-5.26.2-ny4fs6jrka65emwlffkp7jmkh2k2nlq5/lib/:/home/geoffrey/apps/spack/opt/spack/linux-centos7-x86_64/gcc-7.3.0/fftw-3.3.8-blx26uajjfirom6qcjtntdqjjtcx3ipu/lib/:/home/geoffrey/apps/spack/opt/spack/linux-centos7-x86_64/gcc-7.3.0/openblas-0.3.5-zncvk4jccaqyfl4z3vszaboeps6hyzta/lib/:/home/geoffrey/apps/spack/opt/spack/linux-centos7-x86_64/gcc-7.3.0/hdf5-1.10.5-oywsqighgzhpsxxkfjc7uuxxpiyutv45/lib/:/home/geoffrey/apps/spack/opt/spack/linux-centos7-x86_64/gcc-7.3.0/boost-1.69.0-mdd4curxiczqufl57jatyhc74vaxb6rv/lib/:/home/geoffrey/apps/spack/opt/spack/linux-centos7-x86_64/gcc-7.3.0/yaml-cpp-develop-qcfbbllsdnab3fq2hvn3au7rov3jjb4c/lib/:/home/geoffrey/apps/spack/opt/spack/linux-centos7-x86_64/gcc-7.3.0/libxsmm-1.10-ab4v6uc6odb6jerh3ltmeh6sivjeed3r/lib/:/home/geoffrey/apps/spack/opt/spack/linux-centos7-x86_64/gcc-7.3.0/jemalloc-4.5.0-4xnmfjamcbwwvafk3isr66plwqrlh7i5/lib/:/home/geoffrey/apps/spack/opt/spack/linux-centos7-x86_64/gcc-7.3.0/gsl-2.5-i7icadp3ll2flvcedfra7k6j6wnucnzf/lib/:/home/geoffrey/apps/spack/opt/spack/linux-centos7-x86_64/gcc-7.3.0/libsharp-2018-01-17-4xamgawhbatw3bpbdpfus22vavdir3j2/lib/:/opt/ohpc/pub/compiler/gcc/7.3.0/lib/gcc/x86_64-pc-linux-gnu/7.3.0/../../../:/lib/:/usr/lib/
COLLECT_GCC_OPTIONS='-v' '-rdynamic' '-o' 'cmTC_9b49a' '-I' '/opt/ohpc/pub/mpi/openmpi-gnu7/1.10.7/include' '-pthread' '-L/opt/ohpc/pub/mpi/openmpi-gnu7/1.10.7/lib' '-mtune=generic' '-march=x86-64'
 /opt/ohpc/pub/compiler/gcc/7.3.0/libexec/gcc/x86_64-pc-linux-gnu/7.3.0/collect2 -plugin /opt/ohpc/pub/compiler/gcc/7.3.0/libexec/gcc/x86_64-pc-linux-gnu/7.3.0/liblto_plugin.so -plugin-opt=/opt/ohpc/pub/compiler/gcc/7.3.0/libexec/gcc/x86_64-pc-linux-gnu/7.3.0/lto-wrapper -plugin-opt=-fresolution=/tmp/cc3kyWxH.res -plugin-opt=-pass-through=-lgcc -plugin-opt=-pass-through=-lgcc_s -plugin-opt=-pass-through=-lpthread -plugin-opt=-pass-through=-lc -plugin-opt=-pass-through=-lgcc -plugin-opt=-pass-through=-lgcc_s --eh-frame-hdr -m elf_x86_64 -export-dynamic -dynamic-linker /lib64/ld-linux-x86-64.so.2 -o cmTC_9b49a /lib/../lib64/crt1.o /lib/../lib64/crti.o /opt/ohpc/pub/compiler/gcc/7.3.0/lib/gcc/x86_64-pc-linux-gnu/7.3.0/crtbegin.o -L/opt/ohpc/pub/mpi/openmpi-gnu7/1.10.7/lib -L/opt/ohpc/pub/compiler/gcc/7.3.0/lib/gcc/x86_64-pc-linux-gnu/7.3.0 -L/opt/ohpc/pub/compiler/gcc/7.3.0/lib/gcc/x86_64-pc-linux-gnu/7.3.0/../../../../lib64 -L/lib/../lib64 -L/usr/lib/../lib64 -L/home/geoffrey/apps/spack/opt/spack/linux-centos7-x86_64/gcc-7.3.0/dealii-8.5.1-ikzowor5nwozqtzjzlbm2wyb7t7775mu/lib -L/home/geoffrey/apps/spack/opt/spack/linux-centos7-x86_64/gcc-7.3.0/petsc-3.11.1-45rkapyoq3wjoay7522earvzionkdqdj/lib -L/home/geoffrey/apps/spack/opt/spack/linux-centos7-x86_64/gcc-7.3.0/perl-5.26.2-ny4fs6jrka65emwlffkp7jmkh2k2nlq5/lib -L/home/geoffrey/apps/spack/opt/spack/linux-centos7-x86_64/gcc-7.3.0/fftw-3.3.8-blx26uajjfirom6qcjtntdqjjtcx3ipu/lib -L/home/geoffrey/apps/spack/opt/spack/linux-centos7-x86_64/gcc-7.3.0/openblas-0.3.5-zncvk4jccaqyfl4z3vszaboeps6hyzta/lib -L/home/geoffrey/apps/spack/opt/spack/linux-centos7-x86_64/gcc-7.3.0/hdf5-1.10.5-oywsqighgzhpsxxkfjc7uuxxpiyutv45/lib -L/home/geoffrey/apps/spack/opt/spack/linux-centos7-x86_64/gcc-7.3.0/boost-1.69.0-mdd4curxiczqufl57jatyhc74vaxb6rv/lib -L/home/geoffrey/apps/spack/opt/spack/linux-centos7-x86_64/gcc-7.3.0/yaml-cpp-develop-qcfbbllsdnab3fq2hvn3au7rov3jjb4c/lib -L/home/geoffrey/apps/spack/opt/spack/linux-centos7-x86_64/gcc-7.3.0/libxsmm-1.10-ab4v6uc6odb6jerh3ltmeh6sivjeed3r/lib -L/home/geoffrey/apps/spack/opt/spack/linux-centos7-x86_64/gcc-7.3.0/jemalloc-4.5.0-4xnmfjamcbwwvafk3isr66plwqrlh7i5/lib -L/home/geoffrey/apps/spack/opt/spack/linux-centos7-x86_64/gcc-7.3.0/gsl-2.5-i7icadp3ll2flvcedfra7k6j6wnucnzf/lib -L/home/geoffrey/apps/spack/opt/spack/linux-centos7-x86_64/gcc-7.3.0/libsharp-2018-01-17-4xamgawhbatw3bpbdpfus22vavdir3j2/lib -L/opt/ohpc/pub/compiler/gcc/7.3.0/lib/gcc/x86_64-pc-linux-gnu/7.3.0/../../.. CMakeFiles/cmTC_9b49a.dir/CMakeCCompilerABI.c.o -rpath /opt/ohpc/pub/mpi/openmpi-gnu7/1.10.7/lib --enable-new-dtags -lmpi -lgcc --as-needed -lgcc_s --no-as-needed -lpthread -lc -lgcc --as-needed -lgcc_s --no-as-needed /opt/ohpc/pub/compiler/gcc/7.3.0/lib/gcc/x86_64-pc-linux-gnu/7.3.0/crtend.o /lib/../lib64/crtn.o
COLLECT_GCC_OPTIONS='-v' '-rdynamic' '-o' 'cmTC_9b49a' '-I' '/opt/ohpc/pub/mpi/openmpi-gnu7/1.10.7/include' '-pthread' '-L/opt/ohpc/pub/mpi/openmpi-gnu7/1.10.7/lib' '-mtune=generic' '-march=x86-64'
gmake[1]: Leaving directory `/home/samuel/ThermalNoise/DirectMeasurement_ThermalNoise/QuasistaticBrownianThermalNoise/build/CMakeFiles/CMakeTmp'


Parsed C implicit link information from above output:
  link line regex: [^( *|.*[/\])(ld|CMAKE_LINK_STARTFILE-NOTFOUND|([^/\]+-)?ld|collect2)[^/\]*( |$)]
  ignore line: [Change Dir: /home/samuel/ThermalNoise/DirectMeasurement_ThermalNoise/QuasistaticBrownianThermalNoise/build/CMakeFiles/CMakeTmp]
  ignore line: []
  ignore line: [Run Build Command:"/usr/bin/gmake" "cmTC_9b49a/fast"]
  ignore line: [/usr/bin/gmake -f CMakeFiles/cmTC_9b49a.dir/build.make CMakeFiles/cmTC_9b49a.dir/build]
  ignore line: [gmake[1]: Entering directory `/home/samuel/ThermalNoise/DirectMeasurement_ThermalNoise/QuasistaticBrownianThermalNoise/build/CMakeFiles/CMakeTmp']
  ignore line: [Building C object CMakeFiles/cmTC_9b49a.dir/CMakeCCompilerABI.c.o]
  ignore line: [/opt/ohpc/pub/mpi/openmpi-gnu7/1.10.7/bin/mpicc    -o CMakeFiles/cmTC_9b49a.dir/CMakeCCompilerABI.c.o   -c /home/geoffrey/apps/spack/opt/spack/linux-centos7-x86_64/gcc-7.3.0/cmake-3.9.6-bklomam7axok5iwnxzc3srsh22bgitys/share/cmake-3.9/Modules/CMakeCCompilerABI.c]
  ignore line: [Linking C executable cmTC_9b49a]
  ignore line: [/home/geoffrey/apps/spack/opt/spack/linux-centos7-x86_64/gcc-7.3.0/cmake-3.9.6-bklomam7axok5iwnxzc3srsh22bgitys/bin/cmake -E cmake_link_script CMakeFiles/cmTC_9b49a.dir/link.txt --verbose=1]
  ignore line: [/opt/ohpc/pub/mpi/openmpi-gnu7/1.10.7/bin/mpicc     -v -rdynamic CMakeFiles/cmTC_9b49a.dir/CMakeCCompilerABI.c.o  -o cmTC_9b49a ]
  ignore line: [Using built-in specs.]
  ignore line: [COLLECT_GCC=/opt/ohpc/pub/compiler/gcc/7.3.0/bin/gcc]
  ignore line: [COLLECT_LTO_WRAPPER=/opt/ohpc/pub/compiler/gcc/7.3.0/libexec/gcc/x86_64-pc-linux-gnu/7.3.0/lto-wrapper]
  ignore line: [Target: x86_64-pc-linux-gnu]
  ignore line: [Configured with: ../configure --disable-multilib --enable-languages=c,c++,fortran --prefix=/opt/ohpc/pub/compiler/gcc/7.3.0 --disable-static --enable-shared]
  ignore line: [Thread model: posix]
  ignore line: [gcc version 7.3.0 (GCC) ]
  ignore line: [COMPILER_PATH=/opt/ohpc/pub/compiler/gcc/7.3.0/libexec/gcc/x86_64-pc-linux-gnu/7.3.0/:/opt/ohpc/pub/compiler/gcc/7.3.0/libexec/gcc/x86_64-pc-linux-gnu/7.3.0/:/opt/ohpc/pub/compiler/gcc/7.3.0/libexec/gcc/x86_64-pc-linux-gnu/:/opt/ohpc/pub/compiler/gcc/7.3.0/lib/gcc/x86_64-pc-linux-gnu/7.3.0/:/opt/ohpc/pub/compiler/gcc/7.3.0/lib/gcc/x86_64-pc-linux-gnu/]
  ignore line: [LIBRARY_PATH=/opt/ohpc/pub/compiler/gcc/7.3.0/lib/gcc/x86_64-pc-linux-gnu/7.3.0/:/opt/ohpc/pub/compiler/gcc/7.3.0/lib/gcc/x86_64-pc-linux-gnu/7.3.0/../../../../lib64/:/lib/../lib64/:/usr/lib/../lib64/:/home/geoffrey/apps/spack/opt/spack/linux-centos7-x86_64/gcc-7.3.0/dealii-8.5.1-ikzowor5nwozqtzjzlbm2wyb7t7775mu/lib/:/home/geoffrey/apps/spack/opt/spack/linux-centos7-x86_64/gcc-7.3.0/petsc-3.11.1-45rkapyoq3wjoay7522earvzionkdqdj/lib/:/home/geoffrey/apps/spack/opt/spack/linux-centos7-x86_64/gcc-7.3.0/perl-5.26.2-ny4fs6jrka65emwlffkp7jmkh2k2nlq5/lib/:/home/geoffrey/apps/spack/opt/spack/linux-centos7-x86_64/gcc-7.3.0/fftw-3.3.8-blx26uajjfirom6qcjtntdqjjtcx3ipu/lib/:/home/geoffrey/apps/spack/opt/spack/linux-centos7-x86_64/gcc-7.3.0/openblas-0.3.5-zncvk4jccaqyfl4z3vszaboeps6hyzta/lib/:/home/geoffrey/apps/spack/opt/spack/linux-centos7-x86_64/gcc-7.3.0/hdf5-1.10.5-oywsqighgzhpsxxkfjc7uuxxpiyutv45/lib/:/home/geoffrey/apps/spack/opt/spack/linux-centos7-x86_64/gcc-7.3.0/boost-1.69.0-mdd4curxiczqufl57jatyhc74vaxb6rv/lib/:/home/geoffrey/apps/spack/opt/spack/linux-centos7-x86_64/gcc-7.3.0/yaml-cpp-develop-qcfbbllsdnab3fq2hvn3au7rov3jjb4c/lib/:/home/geoffrey/apps/spack/opt/spack/linux-centos7-x86_64/gcc-7.3.0/libxsmm-1.10-ab4v6uc6odb6jerh3ltmeh6sivjeed3r/lib/:/home/geoffrey/apps/spack/opt/spack/linux-centos7-x86_64/gcc-7.3.0/jemalloc-4.5.0-4xnmfjamcbwwvafk3isr66plwqrlh7i5/lib/:/home/geoffrey/apps/spack/opt/spack/linux-centos7-x86_64/gcc-7.3.0/gsl-2.5-i7icadp3ll2flvcedfra7k6j6wnucnzf/lib/:/home/geoffrey/apps/spack/opt/spack/linux-centos7-x86_64/gcc-7.3.0/libsharp-2018-01-17-4xamgawhbatw3bpbdpfus22vavdir3j2/lib/:/opt/ohpc/pub/compiler/gcc/7.3.0/lib/gcc/x86_64-pc-linux-gnu/7.3.0/../../../:/lib/:/usr/lib/]
  ignore line: [COLLECT_GCC_OPTIONS='-v' '-rdynamic' '-o' 'cmTC_9b49a' '-I' '/opt/ohpc/pub/mpi/openmpi-gnu7/1.10.7/include' '-pthread' '-L/opt/ohpc/pub/mpi/openmpi-gnu7/1.10.7/lib' '-mtune=generic' '-march=x86-64']
  link line: [ /opt/ohpc/pub/compiler/gcc/7.3.0/libexec/gcc/x86_64-pc-linux-gnu/7.3.0/collect2 -plugin /opt/ohpc/pub/compiler/gcc/7.3.0/libexec/gcc/x86_64-pc-linux-gnu/7.3.0/liblto_plugin.so -plugin-opt=/opt/ohpc/pub/compiler/gcc/7.3.0/libexec/gcc/x86_64-pc-linux-gnu/7.3.0/lto-wrapper -plugin-opt=-fresolution=/tmp/cc3kyWxH.res -plugin-opt=-pass-through=-lgcc -plugin-opt=-pass-through=-lgcc_s -plugin-opt=-pass-through=-lpthread -plugin-opt=-pass-through=-lc -plugin-opt=-pass-through=-lgcc -plugin-opt=-pass-through=-lgcc_s --eh-frame-hdr -m elf_x86_64 -export-dynamic -dynamic-linker /lib64/ld-linux-x86-64.so.2 -o cmTC_9b49a /lib/../lib64/crt1.o /lib/../lib64/crti.o /opt/ohpc/pub/compiler/gcc/7.3.0/lib/gcc/x86_64-pc-linux-gnu/7.3.0/crtbegin.o -L/opt/ohpc/pub/mpi/openmpi-gnu7/1.10.7/lib -L/opt/ohpc/pub/compiler/gcc/7.3.0/lib/gcc/x86_64-pc-linux-gnu/7.3.0 -L/opt/ohpc/pub/compiler/gcc/7.3.0/lib/gcc/x86_64-pc-linux-gnu/7.3.0/../../../../lib64 -L/lib/../lib64 -L/usr/lib/../lib64 -L/home/geoffrey/apps/spack/opt/spack/linux-centos7-x86_64/gcc-7.3.0/dealii-8.5.1-ikzowor5nwozqtzjzlbm2wyb7t7775mu/lib -L/home/geoffrey/apps/spack/opt/spack/linux-centos7-x86_64/gcc-7.3.0/petsc-3.11.1-45rkapyoq3wjoay7522earvzionkdqdj/lib -L/home/geoffrey/apps/spack/opt/spack/linux-centos7-x86_64/gcc-7.3.0/perl-5.26.2-ny4fs6jrka65emwlffkp7jmkh2k2nlq5/lib -L/home/geoffrey/apps/spack/opt/spack/linux-centos7-x86_64/gcc-7.3.0/fftw-3.3.8-blx26uajjfirom6qcjtntdqjjtcx3ipu/lib -L/home/geoffrey/apps/spack/opt/spack/linux-centos7-x86_64/gcc-7.3.0/openblas-0.3.5-zncvk4jccaqyfl4z3vszaboeps6hyzta/lib -L/home/geoffrey/apps/spack/opt/spack/linux-centos7-x86_64/gcc-7.3.0/hdf5-1.10.5-oywsqighgzhpsxxkfjc7uuxxpiyutv45/lib -L/home/geoffrey/apps/spack/opt/spack/linux-centos7-x86_64/gcc-7.3.0/boost-1.69.0-mdd4curxiczqufl57jatyhc74vaxb6rv/lib -L/home/geoffrey/apps/spack/opt/spack/linux-centos7-x86_64/gcc-7.3.0/yaml-cpp-develop-qcfbbllsdnab3fq2hvn3au7rov3jjb4c/lib -L/home/geoffrey/apps/spack/opt/spack/linux-centos7-x86_64/gcc-7.3.0/libxsmm-1.10-ab4v6uc6odb6jerh3ltmeh6sivjeed3r/lib -L/home/geoffrey/apps/spack/opt/spack/linux-centos7-x86_64/gcc-7.3.0/jemalloc-4.5.0-4xnmfjamcbwwvafk3isr66plwqrlh7i5/lib -L/home/geoffrey/apps/spack/opt/spack/linux-centos7-x86_64/gcc-7.3.0/gsl-2.5-i7icadp3ll2flvcedfra7k6j6wnucnzf/lib -L/home/geoffrey/apps/spack/opt/spack/linux-centos7-x86_64/gcc-7.3.0/libsharp-2018-01-17-4xamgawhbatw3bpbdpfus22vavdir3j2/lib -L/opt/ohpc/pub/compiler/gcc/7.3.0/lib/gcc/x86_64-pc-linux-gnu/7.3.0/../../.. CMakeFiles/cmTC_9b49a.dir/CMakeCCompilerABI.c.o -rpath /opt/ohpc/pub/mpi/openmpi-gnu7/1.10.7/lib --enable-new-dtags -lmpi -lgcc --as-needed -lgcc_s --no-as-needed -lpthread -lc -lgcc --as-needed -lgcc_s --no-as-needed /opt/ohpc/pub/compiler/gcc/7.3.0/lib/gcc/x86_64-pc-linux-gnu/7.3.0/crtend.o /lib/../lib64/crtn.o]
    arg [/opt/ohpc/pub/compiler/gcc/7.3.0/libexec/gcc/x86_64-pc-linux-gnu/7.3.0/collect2] ==> ignore
    arg [-plugin] ==> ignore
    arg [/opt/ohpc/pub/compiler/gcc/7.3.0/libexec/gcc/x86_64-pc-linux-gnu/7.3.0/liblto_plugin.so] ==> ignore
    arg [-plugin-opt=/opt/ohpc/pub/compiler/gcc/7.3.0/libexec/gcc/x86_64-pc-linux-gnu/7.3.0/lto-wrapper] ==> ignore
    arg [-plugin-opt=-fresolution=/tmp/cc3kyWxH.res] ==> ignore
    arg [-plugin-opt=-pass-through=-lgcc] ==> ignore
    arg [-plugin-opt=-pass-through=-lgcc_s] ==> ignore
    arg [-plugin-opt=-pass-through=-lpthread] ==> ignore
    arg [-plugin-opt=-pass-through=-lc] ==> ignore
    arg [-plugin-opt=-pass-through=-lgcc] ==> ignore
    arg [-plugin-opt=-pass-through=-lgcc_s] ==> ignore
    arg [--eh-frame-hdr] ==> ignore
    arg [-m] ==> ignore
    arg [elf_x86_64] ==> ignore
    arg [-export-dynamic] ==> ignore
    arg [-dynamic-linker] ==> ignore
    arg [/lib64/ld-linux-x86-64.so.2] ==> ignore
    arg [-o] ==> ignore
    arg [cmTC_9b49a] ==> ignore
    arg [/lib/../lib64/crt1.o] ==> ignore
    arg [/lib/../lib64/crti.o] ==> ignore
    arg [/opt/ohpc/pub/compiler/gcc/7.3.0/lib/gcc/x86_64-pc-linux-gnu/7.3.0/crtbegin.o] ==> ignore
    arg [-L/opt/ohpc/pub/mpi/openmpi-gnu7/1.10.7/lib] ==> dir [/opt/ohpc/pub/mpi/openmpi-gnu7/1.10.7/lib]
    arg [-L/opt/ohpc/pub/compiler/gcc/7.3.0/lib/gcc/x86_64-pc-linux-gnu/7.3.0] ==> dir [/opt/ohpc/pub/compiler/gcc/7.3.0/lib/gcc/x86_64-pc-linux-gnu/7.3.0]
    arg [-L/opt/ohpc/pub/compiler/gcc/7.3.0/lib/gcc/x86_64-pc-linux-gnu/7.3.0/../../../../lib64] ==> dir [/opt/ohpc/pub/compiler/gcc/7.3.0/lib/gcc/x86_64-pc-linux-gnu/7.3.0/../../../../lib64]
    arg [-L/lib/../lib64] ==> dir [/lib/../lib64]
    arg [-L/usr/lib/../lib64] ==> dir [/usr/lib/../lib64]
    arg [-L/home/geoffrey/apps/spack/opt/spack/linux-centos7-x86_64/gcc-7.3.0/dealii-8.5.1-ikzowor5nwozqtzjzlbm2wyb7t7775mu/lib] ==> dir [/home/geoffrey/apps/spack/opt/spack/linux-centos7-x86_64/gcc-7.3.0/dealii-8.5.1-ikzowor5nwozqtzjzlbm2wyb7t7775mu/lib]
    arg [-L/home/geoffrey/apps/spack/opt/spack/linux-centos7-x86_64/gcc-7.3.0/petsc-3.11.1-45rkapyoq3wjoay7522earvzionkdqdj/lib] ==> dir [/home/geoffrey/apps/spack/opt/spack/linux-centos7-x86_64/gcc-7.3.0/petsc-3.11.1-45rkapyoq3wjoay7522earvzionkdqdj/lib]
    arg [-L/home/geoffrey/apps/spack/opt/spack/linux-centos7-x86_64/gcc-7.3.0/perl-5.26.2-ny4fs6jrka65emwlffkp7jmkh2k2nlq5/lib] ==> dir [/home/geoffrey/apps/spack/opt/spack/linux-centos7-x86_64/gcc-7.3.0/perl-5.26.2-ny4fs6jrka65emwlffkp7jmkh2k2nlq5/lib]
    arg [-L/home/geoffrey/apps/spack/opt/spack/linux-centos7-x86_64/gcc-7.3.0/fftw-3.3.8-blx26uajjfirom6qcjtntdqjjtcx3ipu/lib] ==> dir [/home/geoffrey/apps/spack/opt/spack/linux-centos7-x86_64/gcc-7.3.0/fftw-3.3.8-blx26uajjfirom6qcjtntdqjjtcx3ipu/lib]
    arg [-L/home/geoffrey/apps/spack/opt/spack/linux-centos7-x86_64/gcc-7.3.0/openblas-0.3.5-zncvk4jccaqyfl4z3vszaboeps6hyzta/lib] ==> dir [/home/geoffrey/apps/spack/opt/spack/linux-centos7-x86_64/gcc-7.3.0/openblas-0.3.5-zncvk4jccaqyfl4z3vszaboeps6hyzta/lib]
    arg [-L/home/geoffrey/apps/spack/opt/spack/linux-centos7-x86_64/gcc-7.3.0/hdf5-1.10.5-oywsqighgzhpsxxkfjc7uuxxpiyutv45/lib] ==> dir [/home/geoffrey/apps/spack/opt/spack/linux-centos7-x86_64/gcc-7.3.0/hdf5-1.10.5-oywsqighgzhpsxxkfjc7uuxxpiyutv45/lib]
    arg [-L/home/geoffrey/apps/spack/opt/spack/linux-centos7-x86_64/gcc-7.3.0/boost-1.69.0-mdd4curxiczqufl57jatyhc74vaxb6rv/lib] ==> dir [/home/geoffrey/apps/spack/opt/spack/linux-centos7-x86_64/gcc-7.3.0/boost-1.69.0-mdd4curxiczqufl57jatyhc74vaxb6rv/lib]
    arg [-L/home/geoffrey/apps/spack/opt/spack/linux-centos7-x86_64/gcc-7.3.0/yaml-cpp-develop-qcfbbllsdnab3fq2hvn3au7rov3jjb4c/lib] ==> dir [/home/geoffrey/apps/spack/opt/spack/linux-centos7-x86_64/gcc-7.3.0/yaml-cpp-develop-qcfbbllsdnab3fq2hvn3au7rov3jjb4c/lib]
    arg [-L/home/geoffrey/apps/spack/opt/spack/linux-centos7-x86_64/gcc-7.3.0/libxsmm-1.10-ab4v6uc6odb6jerh3ltmeh6sivjeed3r/lib] ==> dir [/home/geoffrey/apps/spack/opt/spack/linux-centos7-x86_64/gcc-7.3.0/libxsmm-1.10-ab4v6uc6odb6jerh3ltmeh6sivjeed3r/lib]
    arg [-L/home/geoffrey/apps/spack/opt/spack/linux-centos7-x86_64/gcc-7.3.0/jemalloc-4.5.0-4xnmfjamcbwwvafk3isr66plwqrlh7i5/lib] ==> dir [/home/geoffrey/apps/spack/opt/spack/linux-centos7-x86_64/gcc-7.3.0/jemalloc-4.5.0-4xnmfjamcbwwvafk3isr66plwqrlh7i5/lib]
    arg [-L/home/geoffrey/apps/spack/opt/spack/linux-centos7-x86_64/gcc-7.3.0/gsl-2.5-i7icadp3ll2flvcedfra7k6j6wnucnzf/lib] ==> dir [/home/geoffrey/apps/spack/opt/spack/linux-centos7-x86_64/gcc-7.3.0/gsl-2.5-i7icadp3ll2flvcedfra7k6j6wnucnzf/lib]
    arg [-L/home/geoffrey/apps/spack/opt/spack/linux-centos7-x86_64/gcc-7.3.0/libsharp-2018-01-17-4xamgawhbatw3bpbdpfus22vavdir3j2/lib] ==> dir [/home/geoffrey/apps/spack/opt/spack/linux-centos7-x86_64/gcc-7.3.0/libsharp-2018-01-17-4xamgawhbatw3bpbdpfus22vavdir3j2/lib]
    arg [-L/opt/ohpc/pub/compiler/gcc/7.3.0/lib/gcc/x86_64-pc-linux-gnu/7.3.0/../../..] ==> dir [/opt/ohpc/pub/compiler/gcc/7.3.0/lib/gcc/x86_64-pc-linux-gnu/7.3.0/../../..]
    arg [CMakeFiles/cmTC_9b49a.dir/CMakeCCompilerABI.c.o] ==> ignore
    arg [-rpath] ==> ignore
    arg [/opt/ohpc/pub/mpi/openmpi-gnu7/1.10.7/lib] ==> ignore
    arg [--enable-new-dtags] ==> ignore
    arg [-lmpi] ==> lib [mpi]
    arg [-lgcc] ==> lib [gcc]
    arg [--as-needed] ==> ignore
    arg [-lgcc_s] ==> lib [gcc_s]
    arg [--no-as-needed] ==> ignore
    arg [-lpthread] ==> lib [pthread]
    arg [-lc] ==> lib [c]
    arg [-lgcc] ==> lib [gcc]
    arg [--as-needed] ==> ignore
    arg [-lgcc_s] ==> lib [gcc_s]
    arg [--no-as-needed] ==> ignore
    arg [/opt/ohpc/pub/compiler/gcc/7.3.0/lib/gcc/x86_64-pc-linux-gnu/7.3.0/crtend.o] ==> ignore
    arg [/lib/../lib64/crtn.o] ==> ignore
  collapse library dir [/opt/ohpc/pub/mpi/openmpi-gnu7/1.10.7/lib] ==> [/opt/ohpc/pub/mpi/openmpi-gnu7/1.10.7/lib]
  collapse library dir [/opt/ohpc/pub/compiler/gcc/7.3.0/lib/gcc/x86_64-pc-linux-gnu/7.3.0] ==> [/opt/ohpc/pub/compiler/gcc/7.3.0/lib/gcc/x86_64-pc-linux-gnu/7.3.0]
  collapse library dir [/opt/ohpc/pub/compiler/gcc/7.3.0/lib/gcc/x86_64-pc-linux-gnu/7.3.0/../../../../lib64] ==> [/opt/ohpc/pub/compiler/gcc/7.3.0/lib64]
  collapse library dir [/lib/../lib64] ==> [/lib64]
  collapse library dir [/usr/lib/../lib64] ==> [/usr/lib64]
  collapse library dir [/home/geoffrey/apps/spack/opt/spack/linux-centos7-x86_64/gcc-7.3.0/dealii-8.5.1-ikzowor5nwozqtzjzlbm2wyb7t7775mu/lib] ==> [/home/geoffrey/apps/spack/opt/spack/linux-centos7-x86_64/gcc-7.3.0/dealii-8.5.1-ikzowor5nwozqtzjzlbm2wyb7t7775mu/lib]
  collapse library dir [/home/geoffrey/apps/spack/opt/spack/linux-centos7-x86_64/gcc-7.3.0/petsc-3.11.1-45rkapyoq3wjoay7522earvzionkdqdj/lib] ==> [/home/geoffrey/apps/spack/opt/spack/linux-centos7-x86_64/gcc-7.3.0/petsc-3.11.1-45rkapyoq3wjoay7522earvzionkdqdj/lib]
  collapse library dir [/home/geoffrey/apps/spack/opt/spack/linux-centos7-x86_64/gcc-7.3.0/perl-5.26.2-ny4fs6jrka65emwlffkp7jmkh2k2nlq5/lib] ==> [/home/geoffrey/apps/spack/opt/spack/linux-centos7-x86_64/gcc-7.3.0/perl-5.26.2-ny4fs6jrka65emwlffkp7jmkh2k2nlq5/lib]
  collapse library dir [/home/geoffrey/apps/spack/opt/spack/linux-centos7-x86_64/gcc-7.3.0/fftw-3.3.8-blx26uajjfirom6qcjtntdqjjtcx3ipu/lib] ==> [/home/geoffrey/apps/spack/opt/spack/linux-centos7-x86_64/gcc-7.3.0/fftw-3.3.8-blx26uajjfirom6qcjtntdqjjtcx3ipu/lib]
  collapse library dir [/home/geoffrey/apps/spack/opt/spack/linux-centos7-x86_64/gcc-7.3.0/openblas-0.3.5-zncvk4jccaqyfl4z3vszaboeps6hyzta/lib] ==> [/home/geoffrey/apps/spack/opt/spack/linux-centos7-x86_64/gcc-7.3.0/openblas-0.3.5-zncvk4jccaqyfl4z3vszaboeps6hyzta/lib]
  collapse library dir [/home/geoffrey/apps/spack/opt/spack/linux-centos7-x86_64/gcc-7.3.0/hdf5-1.10.5-oywsqighgzhpsxxkfjc7uuxxpiyutv45/lib] ==> [/home/geoffrey/apps/spack/opt/spack/linux-centos7-x86_64/gcc-7.3.0/hdf5-1.10.5-oywsqighgzhpsxxkfjc7uuxxpiyutv45/lib]
  collapse library dir [/home/geoffrey/apps/spack/opt/spack/linux-centos7-x86_64/gcc-7.3.0/boost-1.69.0-mdd4curxiczqufl57jatyhc74vaxb6rv/lib] ==> [/home/geoffrey/apps/spack/opt/spack/linux-centos7-x86_64/gcc-7.3.0/boost-1.69.0-mdd4curxiczqufl57jatyhc74vaxb6rv/lib]
  collapse library dir [/home/geoffrey/apps/spack/opt/spack/linux-centos7-x86_64/gcc-7.3.0/yaml-cpp-develop-qcfbbllsdnab3fq2hvn3au7rov3jjb4c/lib] ==> [/home/geoffrey/apps/spack/opt/spack/linux-centos7-x86_64/gcc-7.3.0/yaml-cpp-develop-qcfbbllsdnab3fq2hvn3au7rov3jjb4c/lib]
  collapse library dir [/home/geoffrey/apps/spack/opt/spack/linux-centos7-x86_64/gcc-7.3.0/libxsmm-1.10-ab4v6uc6odb6jerh3ltmeh6sivjeed3r/lib] ==> [/home/geoffrey/apps/spack/opt/spack/linux-centos7-x86_64/gcc-7.3.0/libxsmm-1.10-ab4v6uc6odb6jerh3ltmeh6sivjeed3r/lib]
  collapse library dir [/home/geoffrey/apps/spack/opt/spack/linux-centos7-x86_64/gcc-7.3.0/jemalloc-4.5.0-4xnmfjamcbwwvafk3isr66plwqrlh7i5/lib] ==> [/home/geoffrey/apps/spack/opt/spack/linux-centos7-x86_64/gcc-7.3.0/jemalloc-4.5.0-4xnmfjamcbwwvafk3isr66plwqrlh7i5/lib]
  collapse library dir [/home/geoffrey/apps/spack/opt/spack/linux-centos7-x86_64/gcc-7.3.0/gsl-2.5-i7icadp3ll2flvcedfra7k6j6wnucnzf/lib] ==> [/home/geoffrey/apps/spack/opt/spack/linux-centos7-x86_64/gcc-7.3.0/gsl-2.5-i7icadp3ll2flvcedfra7k6j6wnucnzf/lib]
  collapse library dir [/home/geoffrey/apps/spack/opt/spack/linux-centos7-x86_64/gcc-7.3.0/libsharp-2018-01-17-4xamgawhbatw3bpbdpfus22vavdir3j2/lib] ==> [/home/geoffrey/apps/spack/opt/spack/linux-centos7-x86_64/gcc-7.3.0/libsharp-2018-01-17-4xamgawhbatw3bpbdpfus22vavdir3j2/lib]
  collapse library dir [/opt/ohpc/pub/compiler/gcc/7.3.0/lib/gcc/x86_64-pc-linux-gnu/7.3.0/../../..] ==> [/opt/ohpc/pub/compiler/gcc/7.3.0/lib]
  implicit libs: [mpi;gcc;gcc_s;pthread;c;gcc;gcc_s]
  implicit dirs: [/opt/ohpc/pub/mpi/openmpi-gnu7/1.10.7/lib;/opt/ohpc/pub/compiler/gcc/7.3.0/lib/gcc/x86_64-pc-linux-gnu/7.3.0;/opt/ohpc/pub/compiler/gcc/7.3.0/lib64;/lib64;/usr/lib64;/home/geoffrey/apps/spack/opt/spack/linux-centos7-x86_64/gcc-7.3.0/dealii-8.5.1-ikzowor5nwozqtzjzlbm2wyb7t7775mu/lib;/home/geoffrey/apps/spack/opt/spack/linux-centos7-x86_64/gcc-7.3.0/petsc-3.11.1-45rkapyoq3wjoay7522earvzionkdqdj/lib;/home/geoffrey/apps/spack/opt/spack/linux-centos7-x86_64/gcc-7.3.0/perl-5.26.2-ny4fs6jrka65emwlffkp7jmkh2k2nlq5/lib;/home/geoffrey/apps/spack/opt/spack/linux-centos7-x86_64/gcc-7.3.0/fftw-3.3.8-blx26uajjfirom6qcjtntdqjjtcx3ipu/lib;/home/geoffrey/apps/spack/opt/spack/linux-centos7-x86_64/gcc-7.3.0/openblas-0.3.5-zncvk4jccaqyfl4z3vszaboeps6hyzta/lib;/home/geoffrey/apps/spack/opt/spack/linux-centos7-x86_64/gcc-7.3.0/hdf5-1.10.5-oywsqighgzhpsxxkfjc7uuxxpiyutv45/lib;/home/geoffrey/apps/spack/opt/spack/linux-centos7-x86_64/gcc-7.3.0/boost-1.69.0-mdd4curxiczqufl57jatyhc74vaxb6rv/lib;/home/geoffrey/apps/spack/opt/spack/linux-centos7-x86_64/gcc-7.3.0/yaml-cpp-develop-qcfbbllsdnab3fq2hvn3au7rov3jjb4c/lib;/home/geoffrey/apps/spack/opt/spack/linux-centos7-x86_64/gcc-7.3.0/libxsmm-1.10-ab4v6uc6odb6jerh3ltmeh6sivjeed3r/lib;/home/geoffrey/apps/spack/opt/spack/linux-centos7-x86_64/gcc-7.3.0/jemalloc-4.5.0-4xnmfjamcbwwvafk3isr66plwqrlh7i5/lib;/home/geoffrey/apps/spack/opt/spack/linux-centos7-x86_64/gcc-7.3.0/gsl-2.5-i7icadp3ll2flvcedfra7k6j6wnucnzf/lib;/home/geoffrey/apps/spack/opt/spack/linux-centos7-x86_64/gcc-7.3.0/libsharp-2018-01-17-4xamgawhbatw3bpbdpfus22vavdir3j2/lib;/opt/ohpc/pub/compiler/gcc/7.3.0/lib]
  implicit fwks: []




Detecting C [-std=c11] compiler features compiled with the following output:
Change Dir: /home/samuel/ThermalNoise/DirectMeasurement_ThermalNoise/QuasistaticBrownianThermalNoise/build/CMakeFiles/CMakeTmp

Run Build Command:"/usr/bin/gmake" "cmTC_02053/fast"
/usr/bin/gmake -f CMakeFiles/cmTC_02053.dir/build.make CMakeFiles/cmTC_02053.dir/build
gmake[1]: Entering directory `/home/samuel/ThermalNoise/DirectMeasurement_ThermalNoise/QuasistaticBrownianThermalNoise/build/CMakeFiles/CMakeTmp'
Building C object CMakeFiles/cmTC_02053.dir/feature_tests.c.o
/opt/ohpc/pub/mpi/openmpi-gnu7/1.10.7/bin/mpicc   -std=c11 -o CMakeFiles/cmTC_02053.dir/feature_tests.c.o   -c /home/samuel/ThermalNoise/DirectMeasurement_ThermalNoise/QuasistaticBrownianThermalNoise/build/CMakeFiles/feature_tests.c
Linking C executable cmTC_02053
/home/geoffrey/apps/spack/opt/spack/linux-centos7-x86_64/gcc-7.3.0/cmake-3.9.6-bklomam7axok5iwnxzc3srsh22bgitys/bin/cmake -E cmake_link_script CMakeFiles/cmTC_02053.dir/link.txt --verbose=1
/opt/ohpc/pub/mpi/openmpi-gnu7/1.10.7/bin/mpicc      -rdynamic CMakeFiles/cmTC_02053.dir/feature_tests.c.o  -o cmTC_02053 
gmake[1]: Leaving directory `/home/samuel/ThermalNoise/DirectMeasurement_ThermalNoise/QuasistaticBrownianThermalNoise/build/CMakeFiles/CMakeTmp'


    Feature record: C_FEATURE:1c_function_prototypes
    Feature record: C_FEATURE:1c_restrict
    Feature record: C_FEATURE:1c_static_assert
    Feature record: C_FEATURE:1c_variadic_macros


Detecting C [-std=c99] compiler features compiled with the following output:
Change Dir: /home/samuel/ThermalNoise/DirectMeasurement_ThermalNoise/QuasistaticBrownianThermalNoise/build/CMakeFiles/CMakeTmp

Run Build Command:"/usr/bin/gmake" "cmTC_82335/fast"
/usr/bin/gmake -f CMakeFiles/cmTC_82335.dir/build.make CMakeFiles/cmTC_82335.dir/build
gmake[1]: Entering directory `/home/samuel/ThermalNoise/DirectMeasurement_ThermalNoise/QuasistaticBrownianThermalNoise/build/CMakeFiles/CMakeTmp'
Building C object CMakeFiles/cmTC_82335.dir/feature_tests.c.o
/opt/ohpc/pub/mpi/openmpi-gnu7/1.10.7/bin/mpicc   -std=c99 -o CMakeFiles/cmTC_82335.dir/feature_tests.c.o   -c /home/samuel/ThermalNoise/DirectMeasurement_ThermalNoise/QuasistaticBrownianThermalNoise/build/CMakeFiles/feature_tests.c
Linking C executable cmTC_82335
/home/geoffrey/apps/spack/opt/spack/linux-centos7-x86_64/gcc-7.3.0/cmake-3.9.6-bklomam7axok5iwnxzc3srsh22bgitys/bin/cmake -E cmake_link_script CMakeFiles/cmTC_82335.dir/link.txt --verbose=1
/opt/ohpc/pub/mpi/openmpi-gnu7/1.10.7/bin/mpicc      -rdynamic CMakeFiles/cmTC_82335.dir/feature_tests.c.o  -o cmTC_82335 
gmake[1]: Leaving directory `/home/samuel/ThermalNoise/DirectMeasurement_ThermalNoise/QuasistaticBrownianThermalNoise/build/CMakeFiles/CMakeTmp'


    Feature record: C_FEATURE:1c_function_prototypes
    Feature record: C_FEATURE:1c_restrict
    Feature record: C_FEATURE:0c_static_assert
    Feature record: C_FEATURE:1c_variadic_macros


Detecting C [-std=c90] compiler features compiled with the following output:
Change Dir: /home/samuel/ThermalNoise/DirectMeasurement_ThermalNoise/QuasistaticBrownianThermalNoise/build/CMakeFiles/CMakeTmp

Run Build Command:"/usr/bin/gmake" "cmTC_938cf/fast"
/usr/bin/gmake -f CMakeFiles/cmTC_938cf.dir/build.make CMakeFiles/cmTC_938cf.dir/build
gmake[1]: Entering directory `/home/samuel/ThermalNoise/DirectMeasurement_ThermalNoise/QuasistaticBrownianThermalNoise/build/CMakeFiles/CMakeTmp'
Building C object CMakeFiles/cmTC_938cf.dir/feature_tests.c.o
/opt/ohpc/pub/mpi/openmpi-gnu7/1.10.7/bin/mpicc   -std=c90 -o CMakeFiles/cmTC_938cf.dir/feature_tests.c.o   -c /home/samuel/ThermalNoise/DirectMeasurement_ThermalNoise/QuasistaticBrownianThermalNoise/build/CMakeFiles/feature_tests.c
Linking C executable cmTC_938cf
/home/geoffrey/apps/spack/opt/spack/linux-centos7-x86_64/gcc-7.3.0/cmake-3.9.6-bklomam7axok5iwnxzc3srsh22bgitys/bin/cmake -E cmake_link_script CMakeFiles/cmTC_938cf.dir/link.txt --verbose=1
/opt/ohpc/pub/mpi/openmpi-gnu7/1.10.7/bin/mpicc      -rdynamic CMakeFiles/cmTC_938cf.dir/feature_tests.c.o  -o cmTC_938cf 
gmake[1]: Leaving directory `/home/samuel/ThermalNoise/DirectMeasurement_ThermalNoise/QuasistaticBrownianThermalNoise/build/CMakeFiles/CMakeTmp'


    Feature record: C_FEATURE:1c_function_prototypes
    Feature record: C_FEATURE:0c_restrict
    Feature record: C_FEATURE:0c_static_assert
    Feature record: C_FEATURE:0c_variadic_macros
Determining if the CXX compiler works passed with the following output:
Change Dir: /home/samuel/ThermalNoise/DirectMeasurement_ThermalNoise/QuasistaticBrownianThermalNoise/build/CMakeFiles/CMakeTmp

Run Build Command:"/usr/bin/gmake" "cmTC_1c1b6/fast"
/usr/bin/gmake -f CMakeFiles/cmTC_1c1b6.dir/build.make CMakeFiles/cmTC_1c1b6.dir/build
gmake[1]: Entering directory `/home/samuel/ThermalNoise/DirectMeasurement_ThermalNoise/QuasistaticBrownianThermalNoise/build/CMakeFiles/CMakeTmp'
Building CXX object CMakeFiles/cmTC_1c1b6.dir/testCXXCompiler.cxx.o
/opt/ohpc/pub/mpi/openmpi-gnu7/1.10.7/bin/mpic++     -o CMakeFiles/cmTC_1c1b6.dir/testCXXCompiler.cxx.o -c /home/samuel/ThermalNoise/DirectMeasurement_ThermalNoise/QuasistaticBrownianThermalNoise/build/CMakeFiles/CMakeTmp/testCXXCompiler.cxx
Linking CXX executable cmTC_1c1b6
/home/geoffrey/apps/spack/opt/spack/linux-centos7-x86_64/gcc-7.3.0/cmake-3.9.6-bklomam7axok5iwnxzc3srsh22bgitys/bin/cmake -E cmake_link_script CMakeFiles/cmTC_1c1b6.dir/link.txt --verbose=1
/opt/ohpc/pub/mpi/openmpi-gnu7/1.10.7/bin/mpic++       -rdynamic CMakeFiles/cmTC_1c1b6.dir/testCXXCompiler.cxx.o  -o cmTC_1c1b6 
gmake[1]: Leaving directory `/home/samuel/ThermalNoise/DirectMeasurement_ThermalNoise/QuasistaticBrownianThermalNoise/build/CMakeFiles/CMakeTmp'


Detecting CXX compiler ABI info compiled with the following output:
Change Dir: /home/samuel/ThermalNoise/DirectMeasurement_ThermalNoise/QuasistaticBrownianThermalNoise/build/CMakeFiles/CMakeTmp

Run Build Command:"/usr/bin/gmake" "cmTC_6d33e/fast"
/usr/bin/gmake -f CMakeFiles/cmTC_6d33e.dir/build.make CMakeFiles/cmTC_6d33e.dir/build
gmake[1]: Entering directory `/home/samuel/ThermalNoise/DirectMeasurement_ThermalNoise/QuasistaticBrownianThermalNoise/build/CMakeFiles/CMakeTmp'
Building CXX object CMakeFiles/cmTC_6d33e.dir/CMakeCXXCompilerABI.cpp.o
/opt/ohpc/pub/mpi/openmpi-gnu7/1.10.7/bin/mpic++     -o CMakeFiles/cmTC_6d33e.dir/CMakeCXXCompilerABI.cpp.o -c /home/geoffrey/apps/spack/opt/spack/linux-centos7-x86_64/gcc-7.3.0/cmake-3.9.6-bklomam7axok5iwnxzc3srsh22bgitys/share/cmake-3.9/Modules/CMakeCXXCompilerABI.cpp
Linking CXX executable cmTC_6d33e
/home/geoffrey/apps/spack/opt/spack/linux-centos7-x86_64/gcc-7.3.0/cmake-3.9.6-bklomam7axok5iwnxzc3srsh22bgitys/bin/cmake -E cmake_link_script CMakeFiles/cmTC_6d33e.dir/link.txt --verbose=1
/opt/ohpc/pub/mpi/openmpi-gnu7/1.10.7/bin/mpic++      -v -rdynamic CMakeFiles/cmTC_6d33e.dir/CMakeCXXCompilerABI.cpp.o  -o cmTC_6d33e 
Using built-in specs.
COLLECT_GCC=/opt/ohpc/pub/compiler/gcc/7.3.0/bin/g++
COLLECT_LTO_WRAPPER=/opt/ohpc/pub/compiler/gcc/7.3.0/libexec/gcc/x86_64-pc-linux-gnu/7.3.0/lto-wrapper
Target: x86_64-pc-linux-gnu
Configured with: ../configure --disable-multilib --enable-languages=c,c++,fortran --prefix=/opt/ohpc/pub/compiler/gcc/7.3.0 --disable-static --enable-shared
Thread model: posix
gcc version 7.3.0 (GCC) 
COMPILER_PATH=/opt/ohpc/pub/compiler/gcc/7.3.0/libexec/gcc/x86_64-pc-linux-gnu/7.3.0/:/opt/ohpc/pub/compiler/gcc/7.3.0/libexec/gcc/x86_64-pc-linux-gnu/7.3.0/:/opt/ohpc/pub/compiler/gcc/7.3.0/libexec/gcc/x86_64-pc-linux-gnu/:/opt/ohpc/pub/compiler/gcc/7.3.0/lib/gcc/x86_64-pc-linux-gnu/7.3.0/:/opt/ohpc/pub/compiler/gcc/7.3.0/lib/gcc/x86_64-pc-linux-gnu/
LIBRARY_PATH=/opt/ohpc/pub/compiler/gcc/7.3.0/lib/gcc/x86_64-pc-linux-gnu/7.3.0/:/opt/ohpc/pub/compiler/gcc/7.3.0/lib/gcc/x86_64-pc-linux-gnu/7.3.0/../../../../lib64/:/lib/../lib64/:/usr/lib/../lib64/:/home/geoffrey/apps/spack/opt/spack/linux-centos7-x86_64/gcc-7.3.0/dealii-8.5.1-ikzowor5nwozqtzjzlbm2wyb7t7775mu/lib/:/home/geoffrey/apps/spack/opt/spack/linux-centos7-x86_64/gcc-7.3.0/petsc-3.11.1-45rkapyoq3wjoay7522earvzionkdqdj/lib/:/home/geoffrey/apps/spack/opt/spack/linux-centos7-x86_64/gcc-7.3.0/perl-5.26.2-ny4fs6jrka65emwlffkp7jmkh2k2nlq5/lib/:/home/geoffrey/apps/spack/opt/spack/linux-centos7-x86_64/gcc-7.3.0/fftw-3.3.8-blx26uajjfirom6qcjtntdqjjtcx3ipu/lib/:/home/geoffrey/apps/spack/opt/spack/linux-centos7-x86_64/gcc-7.3.0/openblas-0.3.5-zncvk4jccaqyfl4z3vszaboeps6hyzta/lib/:/home/geoffrey/apps/spack/opt/spack/linux-centos7-x86_64/gcc-7.3.0/hdf5-1.10.5-oywsqighgzhpsxxkfjc7uuxxpiyutv45/lib/:/home/geoffrey/apps/spack/opt/spack/linux-centos7-x86_64/gcc-7.3.0/boost-1.69.0-mdd4curxiczqufl57jatyhc74vaxb6rv/lib/:/home/geoffrey/apps/spack/opt/spack/linux-centos7-x86_64/gcc-7.3.0/yaml-cpp-develop-qcfbbllsdnab3fq2hvn3au7rov3jjb4c/lib/:/home/geoffrey/apps/spack/opt/spack/linux-centos7-x86_64/gcc-7.3.0/libxsmm-1.10-ab4v6uc6odb6jerh3ltmeh6sivjeed3r/lib/:/home/geoffrey/apps/spack/opt/spack/linux-centos7-x86_64/gcc-7.3.0/jemalloc-4.5.0-4xnmfjamcbwwvafk3isr66plwqrlh7i5/lib/:/home/geoffrey/apps/spack/opt/spack/linux-centos7-x86_64/gcc-7.3.0/gsl-2.5-i7icadp3ll2flvcedfra7k6j6wnucnzf/lib/:/home/geoffrey/apps/spack/opt/spack/linux-centos7-x86_64/gcc-7.3.0/libsharp-2018-01-17-4xamgawhbatw3bpbdpfus22vavdir3j2/lib/:/opt/ohpc/pub/compiler/gcc/7.3.0/lib/gcc/x86_64-pc-linux-gnu/7.3.0/../../../:/lib/:/usr/lib/
COLLECT_GCC_OPTIONS='-v' '-rdynamic' '-o' 'cmTC_6d33e' '-I' '/opt/ohpc/pub/mpi/openmpi-gnu7/1.10.7/include' '-pthread' '-L/opt/ohpc/pub/mpi/openmpi-gnu7/1.10.7/lib' '-shared-libgcc' '-mtune=generic' '-march=x86-64'
 /opt/ohpc/pub/compiler/gcc/7.3.0/libexec/gcc/x86_64-pc-linux-gnu/7.3.0/collect2 -plugin /opt/ohpc/pub/compiler/gcc/7.3.0/libexec/gcc/x86_64-pc-linux-gnu/7.3.0/liblto_plugin.so -plugin-opt=/opt/ohpc/pub/compiler/gcc/7.3.0/libexec/gcc/x86_64-pc-linux-gnu/7.3.0/lto-wrapper -plugin-opt=-fresolution=/tmp/cc40cxrx.res -plugin-opt=-pass-through=-lgcc_s -plugin-opt=-pass-through=-lgcc -plugin-opt=-pass-through=-lpthread -plugin-opt=-pass-through=-lc -plugin-opt=-pass-through=-lgcc_s -plugin-opt=-pass-through=-lgcc --eh-frame-hdr -m elf_x86_64 -export-dynamic -dynamic-linker /lib64/ld-linux-x86-64.so.2 -o cmTC_6d33e /lib/../lib64/crt1.o /lib/../lib64/crti.o /opt/ohpc/pub/compiler/gcc/7.3.0/lib/gcc/x86_64-pc-linux-gnu/7.3.0/crtbegin.o -L/opt/ohpc/pub/mpi/openmpi-gnu7/1.10.7/lib -L/opt/ohpc/pub/compiler/gcc/7.3.0/lib/gcc/x86_64-pc-linux-gnu/7.3.0 -L/opt/ohpc/pub/compiler/gcc/7.3.0/lib/gcc/x86_64-pc-linux-gnu/7.3.0/../../../../lib64 -L/lib/../lib64 -L/usr/lib/../lib64 -L/home/geoffrey/apps/spack/opt/spack/linux-centos7-x86_64/gcc-7.3.0/dealii-8.5.1-ikzowor5nwozqtzjzlbm2wyb7t7775mu/lib -L/home/geoffrey/apps/spack/opt/spack/linux-centos7-x86_64/gcc-7.3.0/petsc-3.11.1-45rkapyoq3wjoay7522earvzionkdqdj/lib -L/home/geoffrey/apps/spack/opt/spack/linux-centos7-x86_64/gcc-7.3.0/perl-5.26.2-ny4fs6jrka65emwlffkp7jmkh2k2nlq5/lib -L/home/geoffrey/apps/spack/opt/spack/linux-centos7-x86_64/gcc-7.3.0/fftw-3.3.8-blx26uajjfirom6qcjtntdqjjtcx3ipu/lib -L/home/geoffrey/apps/spack/opt/spack/linux-centos7-x86_64/gcc-7.3.0/openblas-0.3.5-zncvk4jccaqyfl4z3vszaboeps6hyzta/lib -L/home/geoffrey/apps/spack/opt/spack/linux-centos7-x86_64/gcc-7.3.0/hdf5-1.10.5-oywsqighgzhpsxxkfjc7uuxxpiyutv45/lib -L/home/geoffrey/apps/spack/opt/spack/linux-centos7-x86_64/gcc-7.3.0/boost-1.69.0-mdd4curxiczqufl57jatyhc74vaxb6rv/lib -L/home/geoffrey/apps/spack/opt/spack/linux-centos7-x86_64/gcc-7.3.0/yaml-cpp-develop-qcfbbllsdnab3fq2hvn3au7rov3jjb4c/lib -L/home/geoffrey/apps/spack/opt/spack/linux-centos7-x86_64/gcc-7.3.0/libxsmm-1.10-ab4v6uc6odb6jerh3ltmeh6sivjeed3r/lib -L/home/geoffrey/apps/spack/opt/spack/linux-centos7-x86_64/gcc-7.3.0/jemalloc-4.5.0-4xnmfjamcbwwvafk3isr66plwqrlh7i5/lib -L/home/geoffrey/apps/spack/opt/spack/linux-centos7-x86_64/gcc-7.3.0/gsl-2.5-i7icadp3ll2flvcedfra7k6j6wnucnzf/lib -L/home/geoffrey/apps/spack/opt/spack/linux-centos7-x86_64/gcc-7.3.0/libsharp-2018-01-17-4xamgawhbatw3bpbdpfus22vavdir3j2/lib -L/opt/ohpc/pub/compiler/gcc/7.3.0/lib/gcc/x86_64-pc-linux-gnu/7.3.0/../../.. CMakeFiles/cmTC_6d33e.dir/CMakeCXXCompilerABI.cpp.o -rpath /opt/ohpc/pub/mpi/openmpi-gnu7/1.10.7/lib --enable-new-dtags -lmpi_cxx -lmpi -lstdc++ -lm -lgcc_s -lgcc -lpthread -lc -lgcc_s -lgcc /opt/ohpc/pub/compiler/gcc/7.3.0/lib/gcc/x86_64-pc-linux-gnu/7.3.0/crtend.o /lib/../lib64/crtn.o
COLLECT_GCC_OPTIONS='-v' '-rdynamic' '-o' 'cmTC_6d33e' '-I' '/opt/ohpc/pub/mpi/openmpi-gnu7/1.10.7/include' '-pthread' '-L/opt/ohpc/pub/mpi/openmpi-gnu7/1.10.7/lib' '-shared-libgcc' '-mtune=generic' '-march=x86-64'
gmake[1]: Leaving directory `/home/samuel/ThermalNoise/DirectMeasurement_ThermalNoise/QuasistaticBrownianThermalNoise/build/CMakeFiles/CMakeTmp'


Parsed CXX implicit link information from above output:
  link line regex: [^( *|.*[/\])(ld|CMAKE_LINK_STARTFILE-NOTFOUND|([^/\]+-)?ld|collect2)[^/\]*( |$)]
  ignore line: [Change Dir: /home/samuel/ThermalNoise/DirectMeasurement_ThermalNoise/QuasistaticBrownianThermalNoise/build/CMakeFiles/CMakeTmp]
  ignore line: []
  ignore line: [Run Build Command:"/usr/bin/gmake" "cmTC_6d33e/fast"]
  ignore line: [/usr/bin/gmake -f CMakeFiles/cmTC_6d33e.dir/build.make CMakeFiles/cmTC_6d33e.dir/build]
  ignore line: [gmake[1]: Entering directory `/home/samuel/ThermalNoise/DirectMeasurement_ThermalNoise/QuasistaticBrownianThermalNoise/build/CMakeFiles/CMakeTmp']
  ignore line: [Building CXX object CMakeFiles/cmTC_6d33e.dir/CMakeCXXCompilerABI.cpp.o]
  ignore line: [/opt/ohpc/pub/mpi/openmpi-gnu7/1.10.7/bin/mpic++     -o CMakeFiles/cmTC_6d33e.dir/CMakeCXXCompilerABI.cpp.o -c /home/geoffrey/apps/spack/opt/spack/linux-centos7-x86_64/gcc-7.3.0/cmake-3.9.6-bklomam7axok5iwnxzc3srsh22bgitys/share/cmake-3.9/Modules/CMakeCXXCompilerABI.cpp]
  ignore line: [Linking CXX executable cmTC_6d33e]
  ignore line: [/home/geoffrey/apps/spack/opt/spack/linux-centos7-x86_64/gcc-7.3.0/cmake-3.9.6-bklomam7axok5iwnxzc3srsh22bgitys/bin/cmake -E cmake_link_script CMakeFiles/cmTC_6d33e.dir/link.txt --verbose=1]
  ignore line: [/opt/ohpc/pub/mpi/openmpi-gnu7/1.10.7/bin/mpic++      -v -rdynamic CMakeFiles/cmTC_6d33e.dir/CMakeCXXCompilerABI.cpp.o  -o cmTC_6d33e ]
  ignore line: [Using built-in specs.]
  ignore line: [COLLECT_GCC=/opt/ohpc/pub/compiler/gcc/7.3.0/bin/g++]
  ignore line: [COLLECT_LTO_WRAPPER=/opt/ohpc/pub/compiler/gcc/7.3.0/libexec/gcc/x86_64-pc-linux-gnu/7.3.0/lto-wrapper]
  ignore line: [Target: x86_64-pc-linux-gnu]
  ignore line: [Configured with: ../configure --disable-multilib --enable-languages=c,c++,fortran --prefix=/opt/ohpc/pub/compiler/gcc/7.3.0 --disable-static --enable-shared]
  ignore line: [Thread model: posix]
  ignore line: [gcc version 7.3.0 (GCC) ]
  ignore line: [COMPILER_PATH=/opt/ohpc/pub/compiler/gcc/7.3.0/libexec/gcc/x86_64-pc-linux-gnu/7.3.0/:/opt/ohpc/pub/compiler/gcc/7.3.0/libexec/gcc/x86_64-pc-linux-gnu/7.3.0/:/opt/ohpc/pub/compiler/gcc/7.3.0/libexec/gcc/x86_64-pc-linux-gnu/:/opt/ohpc/pub/compiler/gcc/7.3.0/lib/gcc/x86_64-pc-linux-gnu/7.3.0/:/opt/ohpc/pub/compiler/gcc/7.3.0/lib/gcc/x86_64-pc-linux-gnu/]
  ignore line: [LIBRARY_PATH=/opt/ohpc/pub/compiler/gcc/7.3.0/lib/gcc/x86_64-pc-linux-gnu/7.3.0/:/opt/ohpc/pub/compiler/gcc/7.3.0/lib/gcc/x86_64-pc-linux-gnu/7.3.0/../../../../lib64/:/lib/../lib64/:/usr/lib/../lib64/:/home/geoffrey/apps/spack/opt/spack/linux-centos7-x86_64/gcc-7.3.0/dealii-8.5.1-ikzowor5nwozqtzjzlbm2wyb7t7775mu/lib/:/home/geoffrey/apps/spack/opt/spack/linux-centos7-x86_64/gcc-7.3.0/petsc-3.11.1-45rkapyoq3wjoay7522earvzionkdqdj/lib/:/home/geoffrey/apps/spack/opt/spack/linux-centos7-x86_64/gcc-7.3.0/perl-5.26.2-ny4fs6jrka65emwlffkp7jmkh2k2nlq5/lib/:/home/geoffrey/apps/spack/opt/spack/linux-centos7-x86_64/gcc-7.3.0/fftw-3.3.8-blx26uajjfirom6qcjtntdqjjtcx3ipu/lib/:/home/geoffrey/apps/spack/opt/spack/linux-centos7-x86_64/gcc-7.3.0/openblas-0.3.5-zncvk4jccaqyfl4z3vszaboeps6hyzta/lib/:/home/geoffrey/apps/spack/opt/spack/linux-centos7-x86_64/gcc-7.3.0/hdf5-1.10.5-oywsqighgzhpsxxkfjc7uuxxpiyutv45/lib/:/home/geoffrey/apps/spack/opt/spack/linux-centos7-x86_64/gcc-7.3.0/boost-1.69.0-mdd4curxiczqufl57jatyhc74vaxb6rv/lib/:/home/geoffrey/apps/spack/opt/spack/linux-centos7-x86_64/gcc-7.3.0/yaml-cpp-develop-qcfbbllsdnab3fq2hvn3au7rov3jjb4c/lib/:/home/geoffrey/apps/spack/opt/spack/linux-centos7-x86_64/gcc-7.3.0/libxsmm-1.10-ab4v6uc6odb6jerh3ltmeh6sivjeed3r/lib/:/home/geoffrey/apps/spack/opt/spack/linux-centos7-x86_64/gcc-7.3.0/jemalloc-4.5.0-4xnmfjamcbwwvafk3isr66plwqrlh7i5/lib/:/home/geoffrey/apps/spack/opt/spack/linux-centos7-x86_64/gcc-7.3.0/gsl-2.5-i7icadp3ll2flvcedfra7k6j6wnucnzf/lib/:/home/geoffrey/apps/spack/opt/spack/linux-centos7-x86_64/gcc-7.3.0/libsharp-2018-01-17-4xamgawhbatw3bpbdpfus22vavdir3j2/lib/:/opt/ohpc/pub/compiler/gcc/7.3.0/lib/gcc/x86_64-pc-linux-gnu/7.3.0/../../../:/lib/:/usr/lib/]
  ignore line: [COLLECT_GCC_OPTIONS='-v' '-rdynamic' '-o' 'cmTC_6d33e' '-I' '/opt/ohpc/pub/mpi/openmpi-gnu7/1.10.7/include' '-pthread' '-L/opt/ohpc/pub/mpi/openmpi-gnu7/1.10.7/lib' '-shared-libgcc' '-mtune=generic' '-march=x86-64']
  link line: [ /opt/ohpc/pub/compiler/gcc/7.3.0/libexec/gcc/x86_64-pc-linux-gnu/7.3.0/collect2 -plugin /opt/ohpc/pub/compiler/gcc/7.3.0/libexec/gcc/x86_64-pc-linux-gnu/7.3.0/liblto_plugin.so -plugin-opt=/opt/ohpc/pub/compiler/gcc/7.3.0/libexec/gcc/x86_64-pc-linux-gnu/7.3.0/lto-wrapper -plugin-opt=-fresolution=/tmp/cc40cxrx.res -plugin-opt=-pass-through=-lgcc_s -plugin-opt=-pass-through=-lgcc -plugin-opt=-pass-through=-lpthread -plugin-opt=-pass-through=-lc -plugin-opt=-pass-through=-lgcc_s -plugin-opt=-pass-through=-lgcc --eh-frame-hdr -m elf_x86_64 -export-dynamic -dynamic-linker /lib64/ld-linux-x86-64.so.2 -o cmTC_6d33e /lib/../lib64/crt1.o /lib/../lib64/crti.o /opt/ohpc/pub/compiler/gcc/7.3.0/lib/gcc/x86_64-pc-linux-gnu/7.3.0/crtbegin.o -L/opt/ohpc/pub/mpi/openmpi-gnu7/1.10.7/lib -L/opt/ohpc/pub/compiler/gcc/7.3.0/lib/gcc/x86_64-pc-linux-gnu/7.3.0 -L/opt/ohpc/pub/compiler/gcc/7.3.0/lib/gcc/x86_64-pc-linux-gnu/7.3.0/../../../../lib64 -L/lib/../lib64 -L/usr/lib/../lib64 -L/home/geoffrey/apps/spack/opt/spack/linux-centos7-x86_64/gcc-7.3.0/dealii-8.5.1-ikzowor5nwozqtzjzlbm2wyb7t7775mu/lib -L/home/geoffrey/apps/spack/opt/spack/linux-centos7-x86_64/gcc-7.3.0/petsc-3.11.1-45rkapyoq3wjoay7522earvzionkdqdj/lib -L/home/geoffrey/apps/spack/opt/spack/linux-centos7-x86_64/gcc-7.3.0/perl-5.26.2-ny4fs6jrka65emwlffkp7jmkh2k2nlq5/lib -L/home/geoffrey/apps/spack/opt/spack/linux-centos7-x86_64/gcc-7.3.0/fftw-3.3.8-blx26uajjfirom6qcjtntdqjjtcx3ipu/lib -L/home/geoffrey/apps/spack/opt/spack/linux-centos7-x86_64/gcc-7.3.0/openblas-0.3.5-zncvk4jccaqyfl4z3vszaboeps6hyzta/lib -L/home/geoffrey/apps/spack/opt/spack/linux-centos7-x86_64/gcc-7.3.0/hdf5-1.10.5-oywsqighgzhpsxxkfjc7uuxxpiyutv45/lib -L/home/geoffrey/apps/spack/opt/spack/linux-centos7-x86_64/gcc-7.3.0/boost-1.69.0-mdd4curxiczqufl57jatyhc74vaxb6rv/lib -L/home/geoffrey/apps/spack/opt/spack/linux-centos7-x86_64/gcc-7.3.0/yaml-cpp-develop-qcfbbllsdnab3fq2hvn3au7rov3jjb4c/lib -L/home/geoffrey/apps/spack/opt/spack/linux-centos7-x86_64/gcc-7.3.0/libxsmm-1.10-ab4v6uc6odb6jerh3ltmeh6sivjeed3r/lib -L/home/geoffrey/apps/spack/opt/spack/linux-centos7-x86_64/gcc-7.3.0/jemalloc-4.5.0-4xnmfjamcbwwvafk3isr66plwqrlh7i5/lib -L/home/geoffrey/apps/spack/opt/spack/linux-centos7-x86_64/gcc-7.3.0/gsl-2.5-i7icadp3ll2flvcedfra7k6j6wnucnzf/lib -L/home/geoffrey/apps/spack/opt/spack/linux-centos7-x86_64/gcc-7.3.0/libsharp-2018-01-17-4xamgawhbatw3bpbdpfus22vavdir3j2/lib -L/opt/ohpc/pub/compiler/gcc/7.3.0/lib/gcc/x86_64-pc-linux-gnu/7.3.0/../../.. CMakeFiles/cmTC_6d33e.dir/CMakeCXXCompilerABI.cpp.o -rpath /opt/ohpc/pub/mpi/openmpi-gnu7/1.10.7/lib --enable-new-dtags -lmpi_cxx -lmpi -lstdc++ -lm -lgcc_s -lgcc -lpthread -lc -lgcc_s -lgcc /opt/ohpc/pub/compiler/gcc/7.3.0/lib/gcc/x86_64-pc-linux-gnu/7.3.0/crtend.o /lib/../lib64/crtn.o]
    arg [/opt/ohpc/pub/compiler/gcc/7.3.0/libexec/gcc/x86_64-pc-linux-gnu/7.3.0/collect2] ==> ignore
    arg [-plugin] ==> ignore
    arg [/opt/ohpc/pub/compiler/gcc/7.3.0/libexec/gcc/x86_64-pc-linux-gnu/7.3.0/liblto_plugin.so] ==> ignore
    arg [-plugin-opt=/opt/ohpc/pub/compiler/gcc/7.3.0/libexec/gcc/x86_64-pc-linux-gnu/7.3.0/lto-wrapper] ==> ignore
    arg [-plugin-opt=-fresolution=/tmp/cc40cxrx.res] ==> ignore
    arg [-plugin-opt=-pass-through=-lgcc_s] ==> ignore
    arg [-plugin-opt=-pass-through=-lgcc] ==> ignore
    arg [-plugin-opt=-pass-through=-lpthread] ==> ignore
    arg [-plugin-opt=-pass-through=-lc] ==> ignore
    arg [-plugin-opt=-pass-through=-lgcc_s] ==> ignore
    arg [-plugin-opt=-pass-through=-lgcc] ==> ignore
    arg [--eh-frame-hdr] ==> ignore
    arg [-m] ==> ignore
    arg [elf_x86_64] ==> ignore
    arg [-export-dynamic] ==> ignore
    arg [-dynamic-linker] ==> ignore
    arg [/lib64/ld-linux-x86-64.so.2] ==> ignore
    arg [-o] ==> ignore
    arg [cmTC_6d33e] ==> ignore
    arg [/lib/../lib64/crt1.o] ==> ignore
    arg [/lib/../lib64/crti.o] ==> ignore
    arg [/opt/ohpc/pub/compiler/gcc/7.3.0/lib/gcc/x86_64-pc-linux-gnu/7.3.0/crtbegin.o] ==> ignore
    arg [-L/opt/ohpc/pub/mpi/openmpi-gnu7/1.10.7/lib] ==> dir [/opt/ohpc/pub/mpi/openmpi-gnu7/1.10.7/lib]
    arg [-L/opt/ohpc/pub/compiler/gcc/7.3.0/lib/gcc/x86_64-pc-linux-gnu/7.3.0] ==> dir [/opt/ohpc/pub/compiler/gcc/7.3.0/lib/gcc/x86_64-pc-linux-gnu/7.3.0]
    arg [-L/opt/ohpc/pub/compiler/gcc/7.3.0/lib/gcc/x86_64-pc-linux-gnu/7.3.0/../../../../lib64] ==> dir [/opt/ohpc/pub/compiler/gcc/7.3.0/lib/gcc/x86_64-pc-linux-gnu/7.3.0/../../../../lib64]
    arg [-L/lib/../lib64] ==> dir [/lib/../lib64]
    arg [-L/usr/lib/../lib64] ==> dir [/usr/lib/../lib64]
    arg [-L/home/geoffrey/apps/spack/opt/spack/linux-centos7-x86_64/gcc-7.3.0/dealii-8.5.1-ikzowor5nwozqtzjzlbm2wyb7t7775mu/lib] ==> dir [/home/geoffrey/apps/spack/opt/spack/linux-centos7-x86_64/gcc-7.3.0/dealii-8.5.1-ikzowor5nwozqtzjzlbm2wyb7t7775mu/lib]
    arg [-L/home/geoffrey/apps/spack/opt/spack/linux-centos7-x86_64/gcc-7.3.0/petsc-3.11.1-45rkapyoq3wjoay7522earvzionkdqdj/lib] ==> dir [/home/geoffrey/apps/spack/opt/spack/linux-centos7-x86_64/gcc-7.3.0/petsc-3.11.1-45rkapyoq3wjoay7522earvzionkdqdj/lib]
    arg [-L/home/geoffrey/apps/spack/opt/spack/linux-centos7-x86_64/gcc-7.3.0/perl-5.26.2-ny4fs6jrka65emwlffkp7jmkh2k2nlq5/lib] ==> dir [/home/geoffrey/apps/spack/opt/spack/linux-centos7-x86_64/gcc-7.3.0/perl-5.26.2-ny4fs6jrka65emwlffkp7jmkh2k2nlq5/lib]
    arg [-L/home/geoffrey/apps/spack/opt/spack/linux-centos7-x86_64/gcc-7.3.0/fftw-3.3.8-blx26uajjfirom6qcjtntdqjjtcx3ipu/lib] ==> dir [/home/geoffrey/apps/spack/opt/spack/linux-centos7-x86_64/gcc-7.3.0/fftw-3.3.8-blx26uajjfirom6qcjtntdqjjtcx3ipu/lib]
    arg [-L/home/geoffrey/apps/spack/opt/spack/linux-centos7-x86_64/gcc-7.3.0/openblas-0.3.5-zncvk4jccaqyfl4z3vszaboeps6hyzta/lib] ==> dir [/home/geoffrey/apps/spack/opt/spack/linux-centos7-x86_64/gcc-7.3.0/openblas-0.3.5-zncvk4jccaqyfl4z3vszaboeps6hyzta/lib]
    arg [-L/home/geoffrey/apps/spack/opt/spack/linux-centos7-x86_64/gcc-7.3.0/hdf5-1.10.5-oywsqighgzhpsxxkfjc7uuxxpiyutv45/lib] ==> dir [/home/geoffrey/apps/spack/opt/spack/linux-centos7-x86_64/gcc-7.3.0/hdf5-1.10.5-oywsqighgzhpsxxkfjc7uuxxpiyutv45/lib]
    arg [-L/home/geoffrey/apps/spack/opt/spack/linux-centos7-x86_64/gcc-7.3.0/boost-1.69.0-mdd4curxiczqufl57jatyhc74vaxb6rv/lib] ==> dir [/home/geoffrey/apps/spack/opt/spack/linux-centos7-x86_64/gcc-7.3.0/boost-1.69.0-mdd4curxiczqufl57jatyhc74vaxb6rv/lib]
    arg [-L/home/geoffrey/apps/spack/opt/spack/linux-centos7-x86_64/gcc-7.3.0/yaml-cpp-develop-qcfbbllsdnab3fq2hvn3au7rov3jjb4c/lib] ==> dir [/home/geoffrey/apps/spack/opt/spack/linux-centos7-x86_64/gcc-7.3.0/yaml-cpp-develop-qcfbbllsdnab3fq2hvn3au7rov3jjb4c/lib]
    arg [-L/home/geoffrey/apps/spack/opt/spack/linux-centos7-x86_64/gcc-7.3.0/libxsmm-1.10-ab4v6uc6odb6jerh3ltmeh6sivjeed3r/lib] ==> dir [/home/geoffrey/apps/spack/opt/spack/linux-centos7-x86_64/gcc-7.3.0/libxsmm-1.10-ab4v6uc6odb6jerh3ltmeh6sivjeed3r/lib]
    arg [-L/home/geoffrey/apps/spack/opt/spack/linux-centos7-x86_64/gcc-7.3.0/jemalloc-4.5.0-4xnmfjamcbwwvafk3isr66plwqrlh7i5/lib] ==> dir [/home/geoffrey/apps/spack/opt/spack/linux-centos7-x86_64/gcc-7.3.0/jemalloc-4.5.0-4xnmfjamcbwwvafk3isr66plwqrlh7i5/lib]
    arg [-L/home/geoffrey/apps/spack/opt/spack/linux-centos7-x86_64/gcc-7.3.0/gsl-2.5-i7icadp3ll2flvcedfra7k6j6wnucnzf/lib] ==> dir [/home/geoffrey/apps/spack/opt/spack/linux-centos7-x86_64/gcc-7.3.0/gsl-2.5-i7icadp3ll2flvcedfra7k6j6wnucnzf/lib]
    arg [-L/home/geoffrey/apps/spack/opt/spack/linux-centos7-x86_64/gcc-7.3.0/libsharp-2018-01-17-4xamgawhbatw3bpbdpfus22vavdir3j2/lib] ==> dir [/home/geoffrey/apps/spack/opt/spack/linux-centos7-x86_64/gcc-7.3.0/libsharp-2018-01-17-4xamgawhbatw3bpbdpfus22vavdir3j2/lib]
    arg [-L/opt/ohpc/pub/compiler/gcc/7.3.0/lib/gcc/x86_64-pc-linux-gnu/7.3.0/../../..] ==> dir [/opt/ohpc/pub/compiler/gcc/7.3.0/lib/gcc/x86_64-pc-linux-gnu/7.3.0/../../..]
    arg [CMakeFiles/cmTC_6d33e.dir/CMakeCXXCompilerABI.cpp.o] ==> ignore
    arg [-rpath] ==> ignore
    arg [/opt/ohpc/pub/mpi/openmpi-gnu7/1.10.7/lib] ==> ignore
    arg [--enable-new-dtags] ==> ignore
    arg [-lmpi_cxx] ==> lib [mpi_cxx]
    arg [-lmpi] ==> lib [mpi]
    arg [-lstdc++] ==> lib [stdc++]
    arg [-lm] ==> lib [m]
    arg [-lgcc_s] ==> lib [gcc_s]
    arg [-lgcc] ==> lib [gcc]
    arg [-lpthread] ==> lib [pthread]
    arg [-lc] ==> lib [c]
    arg [-lgcc_s] ==> lib [gcc_s]
    arg [-lgcc] ==> lib [gcc]
    arg [/opt/ohpc/pub/compiler/gcc/7.3.0/lib/gcc/x86_64-pc-linux-gnu/7.3.0/crtend.o] ==> ignore
    arg [/lib/../lib64/crtn.o] ==> ignore
  collapse library dir [/opt/ohpc/pub/mpi/openmpi-gnu7/1.10.7/lib] ==> [/opt/ohpc/pub/mpi/openmpi-gnu7/1.10.7/lib]
  collapse library dir [/opt/ohpc/pub/compiler/gcc/7.3.0/lib/gcc/x86_64-pc-linux-gnu/7.3.0] ==> [/opt/ohpc/pub/compiler/gcc/7.3.0/lib/gcc/x86_64-pc-linux-gnu/7.3.0]
  collapse library dir [/opt/ohpc/pub/compiler/gcc/7.3.0/lib/gcc/x86_64-pc-linux-gnu/7.3.0/../../../../lib64] ==> [/opt/ohpc/pub/compiler/gcc/7.3.0/lib64]
  collapse library dir [/lib/../lib64] ==> [/lib64]
  collapse library dir [/usr/lib/../lib64] ==> [/usr/lib64]
  collapse library dir [/home/geoffrey/apps/spack/opt/spack/linux-centos7-x86_64/gcc-7.3.0/dealii-8.5.1-ikzowor5nwozqtzjzlbm2wyb7t7775mu/lib] ==> [/home/geoffrey/apps/spack/opt/spack/linux-centos7-x86_64/gcc-7.3.0/dealii-8.5.1-ikzowor5nwozqtzjzlbm2wyb7t7775mu/lib]
  collapse library dir [/home/geoffrey/apps/spack/opt/spack/linux-centos7-x86_64/gcc-7.3.0/petsc-3.11.1-45rkapyoq3wjoay7522earvzionkdqdj/lib] ==> [/home/geoffrey/apps/spack/opt/spack/linux-centos7-x86_64/gcc-7.3.0/petsc-3.11.1-45rkapyoq3wjoay7522earvzionkdqdj/lib]
  collapse library dir [/home/geoffrey/apps/spack/opt/spack/linux-centos7-x86_64/gcc-7.3.0/perl-5.26.2-ny4fs6jrka65emwlffkp7jmkh2k2nlq5/lib] ==> [/home/geoffrey/apps/spack/opt/spack/linux-centos7-x86_64/gcc-7.3.0/perl-5.26.2-ny4fs6jrka65emwlffkp7jmkh2k2nlq5/lib]
  collapse library dir [/home/geoffrey/apps/spack/opt/spack/linux-centos7-x86_64/gcc-7.3.0/fftw-3.3.8-blx26uajjfirom6qcjtntdqjjtcx3ipu/lib] ==> [/home/geoffrey/apps/spack/opt/spack/linux-centos7-x86_64/gcc-7.3.0/fftw-3.3.8-blx26uajjfirom6qcjtntdqjjtcx3ipu/lib]
  collapse library dir [/home/geoffrey/apps/spack/opt/spack/linux-centos7-x86_64/gcc-7.3.0/openblas-0.3.5-zncvk4jccaqyfl4z3vszaboeps6hyzta/lib] ==> [/home/geoffrey/apps/spack/opt/spack/linux-centos7-x86_64/gcc-7.3.0/openblas-0.3.5-zncvk4jccaqyfl4z3vszaboeps6hyzta/lib]
  collapse library dir [/home/geoffrey/apps/spack/opt/spack/linux-centos7-x86_64/gcc-7.3.0/hdf5-1.10.5-oywsqighgzhpsxxkfjc7uuxxpiyutv45/lib] ==> [/home/geoffrey/apps/spack/opt/spack/linux-centos7-x86_64/gcc-7.3.0/hdf5-1.10.5-oywsqighgzhpsxxkfjc7uuxxpiyutv45/lib]
  collapse library dir [/home/geoffrey/apps/spack/opt/spack/linux-centos7-x86_64/gcc-7.3.0/boost-1.69.0-mdd4curxiczqufl57jatyhc74vaxb6rv/lib] ==> [/home/geoffrey/apps/spack/opt/spack/linux-centos7-x86_64/gcc-7.3.0/boost-1.69.0-mdd4curxiczqufl57jatyhc74vaxb6rv/lib]
  collapse library dir [/home/geoffrey/apps/spack/opt/spack/linux-centos7-x86_64/gcc-7.3.0/yaml-cpp-develop-qcfbbllsdnab3fq2hvn3au7rov3jjb4c/lib] ==> [/home/geoffrey/apps/spack/opt/spack/linux-centos7-x86_64/gcc-7.3.0/yaml-cpp-develop-qcfbbllsdnab3fq2hvn3au7rov3jjb4c/lib]
  collapse library dir [/home/geoffrey/apps/spack/opt/spack/linux-centos7-x86_64/gcc-7.3.0/libxsmm-1.10-ab4v6uc6odb6jerh3ltmeh6sivjeed3r/lib] ==> [/home/geoffrey/apps/spack/opt/spack/linux-centos7-x86_64/gcc-7.3.0/libxsmm-1.10-ab4v6uc6odb6jerh3ltmeh6sivjeed3r/lib]
  collapse library dir [/home/geoffrey/apps/spack/opt/spack/linux-centos7-x86_64/gcc-7.3.0/jemalloc-4.5.0-4xnmfjamcbwwvafk3isr66plwqrlh7i5/lib] ==> [/home/geoffrey/apps/spack/opt/spack/linux-centos7-x86_64/gcc-7.3.0/jemalloc-4.5.0-4xnmfjamcbwwvafk3isr66plwqrlh7i5/lib]
  collapse library dir [/home/geoffrey/apps/spack/opt/spack/linux-centos7-x86_64/gcc-7.3.0/gsl-2.5-i7icadp3ll2flvcedfra7k6j6wnucnzf/lib] ==> [/home/geoffrey/apps/spack/opt/spack/linux-centos7-x86_64/gcc-7.3.0/gsl-2.5-i7icadp3ll2flvcedfra7k6j6wnucnzf/lib]
  collapse library dir [/home/geoffrey/apps/spack/opt/spack/linux-centos7-x86_64/gcc-7.3.0/libsharp-2018-01-17-4xamgawhbatw3bpbdpfus22vavdir3j2/lib] ==> [/home/geoffrey/apps/spack/opt/spack/linux-centos7-x86_64/gcc-7.3.0/libsharp-2018-01-17-4xamgawhbatw3bpbdpfus22vavdir3j2/lib]
  collapse library dir [/opt/ohpc/pub/compiler/gcc/7.3.0/lib/gcc/x86_64-pc-linux-gnu/7.3.0/../../..] ==> [/opt/ohpc/pub/compiler/gcc/7.3.0/lib]
  implicit libs: [mpi_cxx;mpi;stdc++;m;gcc_s;gcc;pthread;c;gcc_s;gcc]
  implicit dirs: [/opt/ohpc/pub/mpi/openmpi-gnu7/1.10.7/lib;/opt/ohpc/pub/compiler/gcc/7.3.0/lib/gcc/x86_64-pc-linux-gnu/7.3.0;/opt/ohpc/pub/compiler/gcc/7.3.0/lib64;/lib64;/usr/lib64;/home/geoffrey/apps/spack/opt/spack/linux-centos7-x86_64/gcc-7.3.0/dealii-8.5.1-ikzowor5nwozqtzjzlbm2wyb7t7775mu/lib;/home/geoffrey/apps/spack/opt/spack/linux-centos7-x86_64/gcc-7.3.0/petsc-3.11.1-45rkapyoq3wjoay7522earvzionkdqdj/lib;/home/geoffrey/apps/spack/opt/spack/linux-centos7-x86_64/gcc-7.3.0/perl-5.26.2-ny4fs6jrka65emwlffkp7jmkh2k2nlq5/lib;/home/geoffrey/apps/spack/opt/spack/linux-centos7-x86_64/gcc-7.3.0/fftw-3.3.8-blx26uajjfirom6qcjtntdqjjtcx3ipu/lib;/home/geoffrey/apps/spack/opt/spack/linux-centos7-x86_64/gcc-7.3.0/openblas-0.3.5-zncvk4jccaqyfl4z3vszaboeps6hyzta/lib;/home/geoffrey/apps/spack/opt/spack/linux-centos7-x86_64/gcc-7.3.0/hdf5-1.10.5-oywsqighgzhpsxxkfjc7uuxxpiyutv45/lib;/home/geoffrey/apps/spack/opt/spack/linux-centos7-x86_64/gcc-7.3.0/boost-1.69.0-mdd4curxiczqufl57jatyhc74vaxb6rv/lib;/home/geoffrey/apps/spack/opt/spack/linux-centos7-x86_64/gcc-7.3.0/yaml-cpp-develop-qcfbbllsdnab3fq2hvn3au7rov3jjb4c/lib;/home/geoffrey/apps/spack/opt/spack/linux-centos7-x86_64/gcc-7.3.0/libxsmm-1.10-ab4v6uc6odb6jerh3ltmeh6sivjeed3r/lib;/home/geoffrey/apps/spack/opt/spack/linux-centos7-x86_64/gcc-7.3.0/jemalloc-4.5.0-4xnmfjamcbwwvafk3isr66plwqrlh7i5/lib;/home/geoffrey/apps/spack/opt/spack/linux-centos7-x86_64/gcc-7.3.0/gsl-2.5-i7icadp3ll2flvcedfra7k6j6wnucnzf/lib;/home/geoffrey/apps/spack/opt/spack/linux-centos7-x86_64/gcc-7.3.0/libsharp-2018-01-17-4xamgawhbatw3bpbdpfus22vavdir3j2/lib;/opt/ohpc/pub/compiler/gcc/7.3.0/lib]
  implicit fwks: []




Detecting CXX [-std=c++1z] compiler features compiled with the following output:
Change Dir: /home/samuel/ThermalNoise/DirectMeasurement_ThermalNoise/QuasistaticBrownianThermalNoise/build/CMakeFiles/CMakeTmp

Run Build Command:"/usr/bin/gmake" "cmTC_88eb9/fast"
/usr/bin/gmake -f CMakeFiles/cmTC_88eb9.dir/build.make CMakeFiles/cmTC_88eb9.dir/build
gmake[1]: Entering directory `/home/samuel/ThermalNoise/DirectMeasurement_ThermalNoise/QuasistaticBrownianThermalNoise/build/CMakeFiles/CMakeTmp'
Building CXX object CMakeFiles/cmTC_88eb9.dir/feature_tests.cxx.o
/opt/ohpc/pub/mpi/openmpi-gnu7/1.10.7/bin/mpic++    -std=c++1z -o CMakeFiles/cmTC_88eb9.dir/feature_tests.cxx.o -c /home/samuel/ThermalNoise/DirectMeasurement_ThermalNoise/QuasistaticBrownianThermalNoise/build/CMakeFiles/feature_tests.cxx
Linking CXX executable cmTC_88eb9
/home/geoffrey/apps/spack/opt/spack/linux-centos7-x86_64/gcc-7.3.0/cmake-3.9.6-bklomam7axok5iwnxzc3srsh22bgitys/bin/cmake -E cmake_link_script CMakeFiles/cmTC_88eb9.dir/link.txt --verbose=1
/opt/ohpc/pub/mpi/openmpi-gnu7/1.10.7/bin/mpic++       -rdynamic CMakeFiles/cmTC_88eb9.dir/feature_tests.cxx.o  -o cmTC_88eb9 
gmake[1]: Leaving directory `/home/samuel/ThermalNoise/DirectMeasurement_ThermalNoise/QuasistaticBrownianThermalNoise/build/CMakeFiles/CMakeTmp'


    Feature record: CXX_FEATURE:1cxx_aggregate_default_initializers
    Feature record: CXX_FEATURE:1cxx_alias_templates
    Feature record: CXX_FEATURE:1cxx_alignas
    Feature record: CXX_FEATURE:1cxx_alignof
    Feature record: CXX_FEATURE:1cxx_attributes
    Feature record: CXX_FEATURE:1cxx_attribute_deprecated
    Feature record: CXX_FEATURE:1cxx_auto_type
    Feature record: CXX_FEATURE:1cxx_binary_literals
    Feature record: CXX_FEATURE:1cxx_constexpr
    Feature record: CXX_FEATURE:1cxx_contextual_conversions
    Feature record: CXX_FEATURE:1cxx_decltype
    Feature record: CXX_FEATURE:1cxx_decltype_auto
    Feature record: CXX_FEATURE:1cxx_decltype_incomplete_return_types
    Feature record: CXX_FEATURE:1cxx_default_function_template_args
    Feature record: CXX_FEATURE:1cxx_defaulted_functions
    Feature record: CXX_FEATURE:1cxx_defaulted_move_initializers
    Feature record: CXX_FEATURE:1cxx_delegating_constructors
    Feature record: CXX_FEATURE:1cxx_deleted_functions
    Feature record: CXX_FEATURE:1cxx_digit_separators
    Feature record: CXX_FEATURE:1cxx_enum_forward_declarations
    Feature record: CXX_FEATURE:1cxx_explicit_conversions
    Feature record: CXX_FEATURE:1cxx_extended_friend_declarations
    Feature record: CXX_FEATURE:1cxx_extern_templates
    Feature record: CXX_FEATURE:1cxx_final
    Feature record: CXX_FEATURE:1cxx_func_identifier
    Feature record: CXX_FEATURE:1cxx_generalized_initializers
    Feature record: CXX_FEATURE:1cxx_generic_lambdas
    Feature record: CXX_FEATURE:1cxx_inheriting_constructors
    Feature record: CXX_FEATURE:1cxx_inline_namespaces
    Feature record: CXX_FEATURE:1cxx_lambdas
    Feature record: CXX_FEATURE:1cxx_lambda_init_captures
    Feature record: CXX_FEATURE:1cxx_local_type_template_args
    Feature record: CXX_FEATURE:1cxx_long_long_type
    Feature record: CXX_FEATURE:1cxx_noexcept
    Feature record: CXX_FEATURE:1cxx_nonstatic_member_init
    Feature record: CXX_FEATURE:1cxx_nullptr
    Feature record: CXX_FEATURE:1cxx_override
    Feature record: CXX_FEATURE:1cxx_range_for
    Feature record: CXX_FEATURE:1cxx_raw_string_literals
    Feature record: CXX_FEATURE:1cxx_reference_qualified_functions
    Feature record: CXX_FEATURE:1cxx_relaxed_constexpr
    Feature record: CXX_FEATURE:1cxx_return_type_deduction
    Feature record: CXX_FEATURE:1cxx_right_angle_brackets
    Feature record: CXX_FEATURE:1cxx_rvalue_references
    Feature record: CXX_FEATURE:1cxx_sizeof_member
    Feature record: CXX_FEATURE:1cxx_static_assert
    Feature record: CXX_FEATURE:1cxx_strong_enums
    Feature record: CXX_FEATURE:1cxx_template_template_parameters
    Feature record: CXX_FEATURE:1cxx_thread_local
    Feature record: CXX_FEATURE:1cxx_trailing_return_types
    Feature record: CXX_FEATURE:1cxx_unicode_literals
    Feature record: CXX_FEATURE:1cxx_uniform_initialization
    Feature record: CXX_FEATURE:1cxx_unrestricted_unions
    Feature record: CXX_FEATURE:1cxx_user_literals
    Feature record: CXX_FEATURE:1cxx_variable_templates
    Feature record: CXX_FEATURE:1cxx_variadic_macros
    Feature record: CXX_FEATURE:1cxx_variadic_templates


Detecting CXX [-std=c++14] compiler features compiled with the following output:
Change Dir: /home/samuel/ThermalNoise/DirectMeasurement_ThermalNoise/QuasistaticBrownianThermalNoise/build/CMakeFiles/CMakeTmp

Run Build Command:"/usr/bin/gmake" "cmTC_89ed9/fast"
/usr/bin/gmake -f CMakeFiles/cmTC_89ed9.dir/build.make CMakeFiles/cmTC_89ed9.dir/build
gmake[1]: Entering directory `/home/samuel/ThermalNoise/DirectMeasurement_ThermalNoise/QuasistaticBrownianThermalNoise/build/CMakeFiles/CMakeTmp'
Building CXX object CMakeFiles/cmTC_89ed9.dir/feature_tests.cxx.o
/opt/ohpc/pub/mpi/openmpi-gnu7/1.10.7/bin/mpic++    -std=c++14 -o CMakeFiles/cmTC_89ed9.dir/feature_tests.cxx.o -c /home/samuel/ThermalNoise/DirectMeasurement_ThermalNoise/QuasistaticBrownianThermalNoise/build/CMakeFiles/feature_tests.cxx
Linking CXX executable cmTC_89ed9
/home/geoffrey/apps/spack/opt/spack/linux-centos7-x86_64/gcc-7.3.0/cmake-3.9.6-bklomam7axok5iwnxzc3srsh22bgitys/bin/cmake -E cmake_link_script CMakeFiles/cmTC_89ed9.dir/link.txt --verbose=1
/opt/ohpc/pub/mpi/openmpi-gnu7/1.10.7/bin/mpic++       -rdynamic CMakeFiles/cmTC_89ed9.dir/feature_tests.cxx.o  -o cmTC_89ed9 
gmake[1]: Leaving directory `/home/samuel/ThermalNoise/DirectMeasurement_ThermalNoise/QuasistaticBrownianThermalNoise/build/CMakeFiles/CMakeTmp'


    Feature record: CXX_FEATURE:1cxx_aggregate_default_initializers
    Feature record: CXX_FEATURE:1cxx_alias_templates
    Feature record: CXX_FEATURE:1cxx_alignas
    Feature record: CXX_FEATURE:1cxx_alignof
    Feature record: CXX_FEATURE:1cxx_attributes
    Feature record: CXX_FEATURE:1cxx_attribute_deprecated
    Feature record: CXX_FEATURE:1cxx_auto_type
    Feature record: CXX_FEATURE:1cxx_binary_literals
    Feature record: CXX_FEATURE:1cxx_constexpr
    Feature record: CXX_FEATURE:1cxx_contextual_conversions
    Feature record: CXX_FEATURE:1cxx_decltype
    Feature record: CXX_FEATURE:1cxx_decltype_auto
    Feature record: CXX_FEATURE:1cxx_decltype_incomplete_return_types
    Feature record: CXX_FEATURE:1cxx_default_function_template_args
    Feature record: CXX_FEATURE:1cxx_defaulted_functions
    Feature record: CXX_FEATURE:1cxx_defaulted_move_initializers
    Feature record: CXX_FEATURE:1cxx_delegating_constructors
    Feature record: CXX_FEATURE:1cxx_deleted_functions
    Feature record: CXX_FEATURE:1cxx_digit_separators
    Feature record: CXX_FEATURE:1cxx_enum_forward_declarations
    Feature record: CXX_FEATURE:1cxx_explicit_conversions
    Feature record: CXX_FEATURE:1cxx_extended_friend_declarations
    Feature record: CXX_FEATURE:1cxx_extern_templates
    Feature record: CXX_FEATURE:1cxx_final
    Feature record: CXX_FEATURE:1cxx_func_identifier
    Feature record: CXX_FEATURE:1cxx_generalized_initializers
    Feature record: CXX_FEATURE:1cxx_generic_lambdas
    Feature record: CXX_FEATURE:1cxx_inheriting_constructors
    Feature record: CXX_FEATURE:1cxx_inline_namespaces
    Feature record: CXX_FEATURE:1cxx_lambdas
    Feature record: CXX_FEATURE:1cxx_lambda_init_captures
    Feature record: CXX_FEATURE:1cxx_local_type_template_args
    Feature record: CXX_FEATURE:1cxx_long_long_type
    Feature record: CXX_FEATURE:1cxx_noexcept
    Feature record: CXX_FEATURE:1cxx_nonstatic_member_init
    Feature record: CXX_FEATURE:1cxx_nullptr
    Feature record: CXX_FEATURE:1cxx_override
    Feature record: CXX_FEATURE:1cxx_range_for
    Feature record: CXX_FEATURE:1cxx_raw_string_literals
    Feature record: CXX_FEATURE:1cxx_reference_qualified_functions
    Feature record: CXX_FEATURE:1cxx_relaxed_constexpr
    Feature record: CXX_FEATURE:1cxx_return_type_deduction
    Feature record: CXX_FEATURE:1cxx_right_angle_brackets
    Feature record: CXX_FEATURE:1cxx_rvalue_references
    Feature record: CXX_FEATURE:1cxx_sizeof_member
    Feature record: CXX_FEATURE:1cxx_static_assert
    Feature record: CXX_FEATURE:1cxx_strong_enums
    Feature record: CXX_FEATURE:1cxx_template_template_parameters
    Feature record: CXX_FEATURE:1cxx_thread_local
    Feature record: CXX_FEATURE:1cxx_trailing_return_types
    Feature record: CXX_FEATURE:1cxx_unicode_literals
    Feature record: CXX_FEATURE:1cxx_uniform_initialization
    Feature record: CXX_FEATURE:1cxx_unrestricted_unions
    Feature record: CXX_FEATURE:1cxx_user_literals
    Feature record: CXX_FEATURE:1cxx_variable_templates
    Feature record: CXX_FEATURE:1cxx_variadic_macros
    Feature record: CXX_FEATURE:1cxx_variadic_templates


Detecting CXX [-std=c++11] compiler features compiled with the following output:
Change Dir: /home/samuel/ThermalNoise/DirectMeasurement_ThermalNoise/QuasistaticBrownianThermalNoise/build/CMakeFiles/CMakeTmp

Run Build Command:"/usr/bin/gmake" "cmTC_0c294/fast"
/usr/bin/gmake -f CMakeFiles/cmTC_0c294.dir/build.make CMakeFiles/cmTC_0c294.dir/build
gmake[1]: Entering directory `/home/samuel/ThermalNoise/DirectMeasurement_ThermalNoise/QuasistaticBrownianThermalNoise/build/CMakeFiles/CMakeTmp'
Building CXX object CMakeFiles/cmTC_0c294.dir/feature_tests.cxx.o
/opt/ohpc/pub/mpi/openmpi-gnu7/1.10.7/bin/mpic++    -std=c++11 -o CMakeFiles/cmTC_0c294.dir/feature_tests.cxx.o -c /home/samuel/ThermalNoise/DirectMeasurement_ThermalNoise/QuasistaticBrownianThermalNoise/build/CMakeFiles/feature_tests.cxx
Linking CXX executable cmTC_0c294
/home/geoffrey/apps/spack/opt/spack/linux-centos7-x86_64/gcc-7.3.0/cmake-3.9.6-bklomam7axok5iwnxzc3srsh22bgitys/bin/cmake -E cmake_link_script CMakeFiles/cmTC_0c294.dir/link.txt --verbose=1
/opt/ohpc/pub/mpi/openmpi-gnu7/1.10.7/bin/mpic++       -rdynamic CMakeFiles/cmTC_0c294.dir/feature_tests.cxx.o  -o cmTC_0c294 
gmake[1]: Leaving directory `/home/samuel/ThermalNoise/DirectMeasurement_ThermalNoise/QuasistaticBrownianThermalNoise/build/CMakeFiles/CMakeTmp'


    Feature record: CXX_FEATURE:0cxx_aggregate_default_initializers
    Feature record: CXX_FEATURE:1cxx_alias_templates
    Feature record: CXX_FEATURE:1cxx_alignas
    Feature record: CXX_FEATURE:1cxx_alignof
    Feature record: CXX_FEATURE:1cxx_attributes
    Feature record: CXX_FEATURE:0cxx_attribute_deprecated
    Feature record: CXX_FEATURE:1cxx_auto_type
    Feature record: CXX_FEATURE:0cxx_binary_literals
    Feature record: CXX_FEATURE:1cxx_constexpr
    Feature record: CXX_FEATURE:0cxx_contextual_conversions
    Feature record: CXX_FEATURE:1cxx_decltype
    Feature record: CXX_FEATURE:0cxx_decltype_auto
    Feature record: CXX_FEATURE:1cxx_decltype_incomplete_return_types
    Feature record: CXX_FEATURE:1cxx_default_function_template_args
    Feature record: CXX_FEATURE:1cxx_defaulted_functions
    Feature record: CXX_FEATURE:1cxx_defaulted_move_initializers
    Feature record: CXX_FEATURE:1cxx_delegating_constructors
    Feature record: CXX_FEATURE:1cxx_deleted_functions
    Feature record: CXX_FEATURE:0cxx_digit_separators
    Feature record: CXX_FEATURE:1cxx_enum_forward_declarations
    Feature record: CXX_FEATURE:1cxx_explicit_conversions
    Feature record: CXX_FEATURE:1cxx_extended_friend_declarations
    Feature record: CXX_FEATURE:1cxx_extern_templates
    Feature record: CXX_FEATURE:1cxx_final
    Feature record: CXX_FEATURE:1cxx_func_identifier
    Feature record: CXX_FEATURE:1cxx_generalized_initializers
    Feature record: CXX_FEATURE:0cxx_generic_lambdas
    Feature record: CXX_FEATURE:1cxx_inheriting_constructors
    Feature record: CXX_FEATURE:1cxx_inline_namespaces
    Feature record: CXX_FEATURE:1cxx_lambdas
    Feature record: CXX_FEATURE:0cxx_lambda_init_captures
    Feature record: CXX_FEATURE:1cxx_local_type_template_args
    Feature record: CXX_FEATURE:1cxx_long_long_type
    Feature record: CXX_FEATURE:1cxx_noexcept
    Feature record: CXX_FEATURE:1cxx_nonstatic_member_init
    Feature record: CXX_FEATURE:1cxx_nullptr
    Feature record: CXX_FEATURE:1cxx_override
    Feature record: CXX_FEATURE:1cxx_range_for
    Feature record: CXX_FEATURE:1cxx_raw_string_literals
    Feature record: CXX_FEATURE:1cxx_reference_qualified_functions
    Feature record: CXX_FEATURE:0cxx_relaxed_constexpr
    Feature record: CXX_FEATURE:0cxx_return_type_deduction
    Feature record: CXX_FEATURE:1cxx_right_angle_brackets
    Feature record: CXX_FEATURE:1cxx_rvalue_references
    Feature record: CXX_FEATURE:1cxx_sizeof_member
    Feature record: CXX_FEATURE:1cxx_static_assert
    Feature record: CXX_FEATURE:1cxx_strong_enums
    Feature record: CXX_FEATURE:1cxx_template_template_parameters
    Feature record: CXX_FEATURE:1cxx_thread_local
    Feature record: CXX_FEATURE:1cxx_trailing_return_types
    Feature record: CXX_FEATURE:1cxx_unicode_literals
    Feature record: CXX_FEATURE:1cxx_uniform_initialization
    Feature record: CXX_FEATURE:1cxx_unrestricted_unions
    Feature record: CXX_FEATURE:1cxx_user_literals
    Feature record: CXX_FEATURE:0cxx_variable_templates
    Feature record: CXX_FEATURE:1cxx_variadic_macros
    Feature record: CXX_FEATURE:1cxx_variadic_templates


Detecting CXX [-std=c++98] compiler features compiled with the following output:
Change Dir: /home/samuel/ThermalNoise/DirectMeasurement_ThermalNoise/QuasistaticBrownianThermalNoise/build/CMakeFiles/CMakeTmp

Run Build Command:"/usr/bin/gmake" "cmTC_f96f0/fast"
/usr/bin/gmake -f CMakeFiles/cmTC_f96f0.dir/build.make CMakeFiles/cmTC_f96f0.dir/build
gmake[1]: Entering directory `/home/samuel/ThermalNoise/DirectMeasurement_ThermalNoise/QuasistaticBrownianThermalNoise/build/CMakeFiles/CMakeTmp'
Building CXX object CMakeFiles/cmTC_f96f0.dir/feature_tests.cxx.o
/opt/ohpc/pub/mpi/openmpi-gnu7/1.10.7/bin/mpic++    -std=c++98 -o CMakeFiles/cmTC_f96f0.dir/feature_tests.cxx.o -c /home/samuel/ThermalNoise/DirectMeasurement_ThermalNoise/QuasistaticBrownianThermalNoise/build/CMakeFiles/feature_tests.cxx
Linking CXX executable cmTC_f96f0
/home/geoffrey/apps/spack/opt/spack/linux-centos7-x86_64/gcc-7.3.0/cmake-3.9.6-bklomam7axok5iwnxzc3srsh22bgitys/bin/cmake -E cmake_link_script CMakeFiles/cmTC_f96f0.dir/link.txt --verbose=1
/opt/ohpc/pub/mpi/openmpi-gnu7/1.10.7/bin/mpic++       -rdynamic CMakeFiles/cmTC_f96f0.dir/feature_tests.cxx.o  -o cmTC_f96f0 
gmake[1]: Leaving directory `/home/samuel/ThermalNoise/DirectMeasurement_ThermalNoise/QuasistaticBrownianThermalNoise/build/CMakeFiles/CMakeTmp'


    Feature record: CXX_FEATURE:0cxx_aggregate_default_initializers
    Feature record: CXX_FEATURE:0cxx_alias_templates
    Feature record: CXX_FEATURE:0cxx_alignas
    Feature record: CXX_FEATURE:0cxx_alignof
    Feature record: CXX_FEATURE:0cxx_attributes
    Feature record: CXX_FEATURE:0cxx_attribute_deprecated
    Feature record: CXX_FEATURE:0cxx_auto_type
    Feature record: CXX_FEATURE:0cxx_binary_literals
    Feature record: CXX_FEATURE:0cxx_constexpr
    Feature record: CXX_FEATURE:0cxx_contextual_conversions
    Feature record: CXX_FEATURE:0cxx_decltype
    Feature record: CXX_FEATURE:0cxx_decltype_auto
    Feature record: CXX_FEATURE:0cxx_decltype_incomplete_return_types
    Feature record: CXX_FEATURE:0cxx_default_function_template_args
    Feature record: CXX_FEATURE:0cxx_defaulted_functions
    Feature record: CXX_FEATURE:0cxx_defaulted_move_initializers
    Feature record: CXX_FEATURE:0cxx_delegating_constructors
    Feature record: CXX_FEATURE:0cxx_deleted_functions
    Feature record: CXX_FEATURE:0cxx_digit_separators
    Feature record: CXX_FEATURE:0cxx_enum_forward_declarations
    Feature record: CXX_FEATURE:0cxx_explicit_conversions
    Feature record: CXX_FEATURE:0cxx_extended_friend_declarations
    Feature record: CXX_FEATURE:0cxx_extern_templates
    Feature record: CXX_FEATURE:0cxx_final
    Feature record: CXX_FEATURE:0cxx_func_identifier
    Feature record: CXX_FEATURE:0cxx_generalized_initializers
    Feature record: CXX_FEATURE:0cxx_generic_lambdas
    Feature record: CXX_FEATURE:0cxx_inheriting_constructors
    Feature record: CXX_FEATURE:0cxx_inline_namespaces
    Feature record: CXX_FEATURE:0cxx_lambdas
    Feature record: CXX_FEATURE:0cxx_lambda_init_captures
    Feature record: CXX_FEATURE:0cxx_local_type_template_args
    Feature record: CXX_FEATURE:0cxx_long_long_type
    Feature record: CXX_FEATURE:0cxx_noexcept
    Feature record: CXX_FEATURE:0cxx_nonstatic_member_init
    Feature record: CXX_FEATURE:0cxx_nullptr
    Feature record: CXX_FEATURE:0cxx_override
    Feature record: CXX_FEATURE:0cxx_range_for
    Feature record: CXX_FEATURE:0cxx_raw_string_literals
    Feature record: CXX_FEATURE:0cxx_reference_qualified_functions
    Feature record: CXX_FEATURE:0cxx_relaxed_constexpr
    Feature record: CXX_FEATURE:0cxx_return_type_deduction
    Feature record: CXX_FEATURE:0cxx_right_angle_brackets
    Feature record: CXX_FEATURE:0cxx_rvalue_references
    Feature record: CXX_FEATURE:0cxx_sizeof_member
    Feature record: CXX_FEATURE:0cxx_static_assert
    Feature record: CXX_FEATURE:0cxx_strong_enums
    Feature record: CXX_FEATURE:1cxx_template_template_parameters
    Feature record: CXX_FEATURE:0cxx_thread_local
    Feature record: CXX_FEATURE:0cxx_trailing_return_types
    Feature record: CXX_FEATURE:0cxx_unicode_literals
    Feature record: CXX_FEATURE:0cxx_uniform_initialization
    Feature record: CXX_FEATURE:0cxx_unrestricted_unions
    Feature record: CXX_FEATURE:0cxx_user_literals
    Feature record: CXX_FEATURE:0cxx_variable_templates
    Feature record: CXX_FEATURE:0cxx_variadic_macros
    Feature record: CXX_FEATURE:0cxx_variadic_templates
