
Currently Loaded Modules:
  1) singularity/3.5.2
  2) ohpc
  3) python/2.7.15
  4) gnu7/7.3.0
  5) openmpi/1.10.7
  6) prun/1.2
  7) cmake-3.9.6-gcc-7.3.0-bklomam
  8) git-2.21.0-gcc-7.3.0-4fruptc
  9) blaze-3.2-gcc-7.3.0-d4xgiej
 10) brigand-master-gcc-7.3.0-3m5ibui
 11) libsharp-2018-01-17-gcc-7.3.0-4xamgaw
 12) catch-2.6.1-gcc-7.3.0-hmo4vvv
 13) gsl-2.5-gcc-7.3.0-i7icadp
 14) jemalloc-4.5.0-gcc-7.3.0-4xnmfja
 15) libxsmm-1.10-gcc-7.3.0-ab4v6uc
 16) yaml-cpp-develop-gcc-7.3.0-qcfbbll
 17) boost-1.69.0-gcc-7.3.0-mdd4cur
 18) hdf5-1.10.5-gcc-7.3.0-oywsqig
 19) openblas-0.3.5-gcc-7.3.0-zncvk4j
 20) charm
 21) fftw-3.3.8-gcc-7.3.0-blx26ua
 22) perl-5.26.2-gcc-7.3.0-ny4fs6j
 23) petsc-3.11.1-gcc-7.3.0-45rkapy
 24) dealii-8.5.1-gcc-7.3.0-ikzowor

 

